"Sep 14, 2026 @ 14:40:57.114",SOC01,Executable file dropped in folder commonly used by malware,15,92213,10.1.24.114,,C:\\WINDOWS\\System32\\WindowsPowerShell\\v1.0\\powershell.exe,,,,,"""File created:
RuleName: -
UtcTime: 2026-09-14 18:40:56.231
ProcessGuid: {dc5fae25-3fb8-6aa8-339d-1a0000008100}
ProcessId: 51428
Image: C:\WINDOWS\System32\WindowsPowerShell\v1.0\powershell.exe
TargetFilename: C:\Users\bortiz\AppData\Local\Temp\__PSScriptPolicyTest_nur15qry.nve.ps1
CreationUtcTime: 2026-09-14 18:40:56.230
User: SOC01\CodexSandboxOffline""",,
"Sep 14, 2026 @ 14:40:47.067",SOC01,Executable file dropped in folder commonly used by malware,15,92213,10.1.24.114,,C:\\WINDOWS\\System32\\WindowsPowerShell\\v1.0\\powershell.exe,,,,,"""File created:
RuleName: -
UtcTime: 2026-09-14 18:40:45.728
ProcessGuid: {dc5fae25-3fad-6aa8-2a9d-1a0000008100}
ProcessId: 29796
Image: C:\WINDOWS\System32\WindowsPowerShell\v1.0\powershell.exe
TargetFilename: C:\Users\bortiz\AppData\Local\Temp\__PSScriptPolicyTest_z1wqvyqv.pld.ps1
CreationUtcTime: 2026-09-14 18:40:45.728
User: SOC01\CodexSandboxOffline""",,
"Sep 14, 2026 @ 14:39:24.676",SOC02,Executable file dropped in folder commonly used by malware,15,92213,10.1.24.101,,C:\\WINDOWS\\System32\\WindowsPowerShell\\v1.0\\powershell.exe,,,,,"""File created:
RuleName: -
UtcTime: 2026-09-14 18:39:23.852
ProcessGuid: {e1811bd5-3f5b-6aa8-aa0f-000000007100}
ProcessId: 27952
Image: C:\WINDOWS\System32\WindowsPowerShell\v1.0\powershell.exe
TargetFilename: C:\Users\racuna.MEDALLA\AppData\Local\Temp\__PSScriptPolicyTest_0pyfvw1g.do2.ps1
CreationUtcTime: 2026-09-14 18:39:23.852
User: MEDALLA\racuna""",,
"Sep 14, 2026 @ 14:36:27.329",SOC02,Executable file dropped in folder commonly used by malware,15,92213,10.1.24.101,,C:\\Program Files\\Android\\Android Studio\\jbr\\bin\\java.exe,,,,,"""File created:
RuleName: DLL
UtcTime: 2026-09-14 18:36:26.281
ProcessGuid: {e1811bd5-0b46-6aa8-e807-000000007100}
ProcessId: 21236
Image: C:\Program Files\Android\Android Studio\jbr\bin\java.exe
TargetFilename: C:\Users\RACUNA~1.MED\AppData\Local\Temp\sqlite-3.41.2.2-3614f4f1-8c18-4240-9cdf-010086aa4671-sqlitejdbc.dll
CreationUtcTime: 2026-09-14 18:36:26.281
User: MEDALLA\racuna""",,
"Sep 14, 2026 @ 14:35:29.218",SOC01,Executable file dropped in folder commonly used by malware,15,92213,10.1.24.114,,C:\\WINDOWS\\System32\\WindowsPowerShell\\v1.0\\powershell.exe,,,,,"""File created:
RuleName: -
UtcTime: 2026-09-14 18:35:28.105
ProcessGuid: {dc5fae25-3e70-6aa8-fa9b-1a0000008100}
ProcessId: 8688
Image: C:\WINDOWS\System32\WindowsPowerShell\v1.0\powershell.exe
TargetFilename: C:\Users\bortiz\AppData\Local\Temp\__PSScriptPolicyTest_nxtnkxbw.cef.ps1
CreationUtcTime: 2026-09-14 18:35:28.105
User: MEDALLA\bortiz""",,
"Sep 14, 2026 @ 14:35:21.126",SOC01,Executable file dropped in folder commonly used by malware,15,92213,10.1.24.114,,C:\\WINDOWS\\System32\\WindowsPowerShell\\v1.0\\powershell.exe,,,,,"""File created:
RuleName: -
UtcTime: 2026-09-14 18:35:20.280
ProcessGuid: {dc5fae25-3e68-6aa8-f79b-1a0000008100}
ProcessId: 13700
Image: C:\WINDOWS\System32\WindowsPowerShell\v1.0\powershell.exe
TargetFilename: C:\Users\bortiz\AppData\Local\Temp\__PSScriptPolicyTest_4hpsh0ng.fk4.ps1
CreationUtcTime: 2026-09-14 18:35:20.280
User: SOC01\CodexSandboxOffline""",,
"Sep 14, 2026 @ 14:34:52.866",SOC01,Executable file dropped in folder commonly used by malware,15,92213,10.1.24.114,,C:\\WINDOWS\\System32\\WindowsPowerShell\\v1.0\\powershell.exe,,,,,"""File created:
RuleName: -
UtcTime: 2026-09-14 18:34:51.449
ProcessGuid: {dc5fae25-3e4b-6aa8-ba9b-1a0000008100}
ProcessId: 51724
Image: C:\WINDOWS\System32\WindowsPowerShell\v1.0\powershell.exe
TargetFilename: C:\Users\bortiz\AppData\Local\Temp\__PSScriptPolicyTest_4l553xo0.v4b.ps1
CreationUtcTime: 2026-09-14 18:34:51.449
User: SOC01\CodexSandboxOffline""",,
"Sep 14, 2026 @ 14:34:22.631",SOC01,Executable file dropped in folder commonly used by malware,15,92213,10.1.24.114,,C:\\WINDOWS\\System32\\WindowsPowerShell\\v1.0\\powershell.exe,,,,,"""File created:
RuleName: -
UtcTime: 2026-09-14 18:34:21.040
ProcessGuid: {dc5fae25-3e2c-6aa8-8d9b-1a0000008100}
ProcessId: 43776
Image: C:\WINDOWS\System32\WindowsPowerShell\v1.0\powershell.exe
TargetFilename: C:\Users\bortiz\AppData\Local\Temp\__PSScriptPolicyTest_zixy5101.u0k.ps1
CreationUtcTime: 2026-09-14 18:34:21.040
User: SOC01\CodexSandboxOffline""",,
"Sep 14, 2026 @ 14:34:14.189",LP20,CVE-2026-17990 affects Google Chrome,13,23506,10.1.13.120,,,,,,,,,
"Sep 14, 2026 @ 14:34:14.179",LP20,CVE-2026-14038 affects Google Chrome,13,23506,10.1.13.120,,,,,,,,,
"Sep 14, 2026 @ 14:34:14.046",LP20,CVE-2026-17947 affects Google Chrome,13,23506,10.1.13.120,,,,,,,,,
"Sep 14, 2026 @ 14:34:13.963",LP20,CVE-2026-79188 affects Google Chrome,13,23506,10.1.13.120,,,,,,,,,
"Sep 14, 2026 @ 14:34:13.881",LP20,CVE-2026-17924 affects Google Chrome,13,23506,10.1.13.120,,,,,,,,,
"Sep 14, 2026 @ 14:34:13.726",LP20,CVE-2026-78985 affects Google Chrome,13,23506,10.1.13.120,,,,,,,,,
"Sep 14, 2026 @ 14:34:13.592",LP20,CVE-2026-3916 affects Google Chrome,13,23506,10.1.13.120,,,,,,,,,
"Sep 14, 2026 @ 14:34:13.365",LP20,CVE-2026-17847 affects Google Chrome,13,23506,10.1.13.120,,,,,,,,,
"Sep 14, 2026 @ 14:34:13.156",LP20,CVE-2026-17804 affects Google Chrome,13,23506,10.1.13.120,,,,,,,,,
"Sep 14, 2026 @ 14:34:13.146",LP20,CVE-2026-17803 affects Google Chrome,13,23506,10.1.13.120,,,,,,,,,
"Sep 14, 2026 @ 14:34:13.125",LP20,CVE-2026-17801 affects Google Chrome,13,23506,10.1.13.120,,,,,,,,,
"Sep 14, 2026 @ 14:34:12.828",LP20,CVE-2026-14044 affects Google Chrome,13,23506,10.1.13.120,,,,,,,,,
"Sep 14, 2026 @ 14:34:12.807",LP20,CVE-2026-17758 affects Google Chrome,13,23506,10.1.13.120,,,,,,,,,
"Sep 14, 2026 @ 14:34:12.715",LP20,CVE-2026-17749 affects Google Chrome,13,23506,10.1.13.120,,,,,,,,,
"Sep 14, 2026 @ 14:34:12.621",LP20,CVE-2026-17718 affects Google Chrome,13,23506,10.1.13.120,,,,,,,,,
"Sep 14, 2026 @ 14:34:12.611",LP20,CVE-2026-17708 affects Google Chrome,13,23506,10.1.13.120,,,,,,,,,
"Sep 14, 2026 @ 14:34:12.529",LP20,CVE-2026-17692 affects Google Chrome,13,23506,10.1.13.120,,,,,,,,,
"Sep 14, 2026 @ 14:34:12.508",LP20,CVE-2026-17688 affects Google Chrome,13,23506,10.1.13.120,,,,,,,,,
"Sep 14, 2026 @ 14:34:12.488",LP20,CVE-2026-17687 affects Google Chrome,13,23506,10.1.13.120,,,,,,,,,
"Sep 14, 2026 @ 14:34:12.478",LP20,CVE-2026-17682 affects Google Chrome,13,23506,10.1.13.120,,,,,,,,,
"Sep 14, 2026 @ 14:34:12.447",LP20,CVE-2026-17675 affects Google Chrome,13,23506,10.1.13.120,,,,,,,,,
"Sep 14, 2026 @ 14:34:12.426",LP20,CVE-2026-17672 affects Google Chrome,13,23506,10.1.13.120,,,,,,,,,
"Sep 14, 2026 @ 14:34:12.416",LP20,CVE-2026-17670 affects Google Chrome,13,23506,10.1.13.120,,,,,,,,,
"Sep 14, 2026 @ 14:34:12.252",LP20,CVE-2026-17656 affects Google Chrome,13,23506,10.1.13.120,,,,,,,,,
"Sep 14, 2026 @ 14:34:12.241",LP20,CVE-2026-17655 affects Google Chrome,13,23506,10.1.13.120,,,,,,,,,
"Sep 14, 2026 @ 14:34:12.117",LP20,CVE-2026-79090 affects Google Chrome,13,23506,10.1.13.120,,,,,,,,,
"Sep 14, 2026 @ 14:34:12.096",LP20,CVE-2026-16416 affects Google Chrome,13,23506,10.1.13.120,,,,,,,,,
"Sep 14, 2026 @ 14:34:12.065",LP20,CVE-2026-15901 affects Google Chrome,13,23506,10.1.13.120,,,,,,,,,
"Sep 14, 2026 @ 14:34:12.045",LP20,CVE-2026-19171 affects Google Chrome,13,23506,10.1.13.120,,,,,,,,,
"Sep 14, 2026 @ 14:34:11.643",LP20,CVE-2026-14423 affects Google Chrome,13,23506,10.1.13.120,,,,,,,,,
"Sep 14, 2026 @ 14:34:11.602",LP20,CVE-2026-14420 affects Google Chrome,13,23506,10.1.13.120,,,,,,,,,
"Sep 14, 2026 @ 14:34:11.571",LP20,CVE-2026-17691 affects Google Chrome,13,23506,10.1.13.120,,,,,,,,,
"Sep 14, 2026 @ 14:34:11.561",LP20,CVE-2026-14416 affects Google Chrome,13,23506,10.1.13.120,,,,,,,,,
"Sep 14, 2026 @ 14:34:11.139",LP20,CVE-2026-14152 affects Google Chrome,13,23506,10.1.13.120,,,,,,,,,
"Sep 14, 2026 @ 14:34:10.954",LP20,CVE-2026-14120 affects Google Chrome,13,23506,10.1.13.120,,,,,,,,,
"Sep 14, 2026 @ 14:34:10.933",LP20,CVE-2026-14390 affects Google Chrome,13,23506,10.1.13.120,,,,,,,,,
"Sep 14, 2026 @ 14:34:10.810",LP20,CVE-2026-79078 affects Google Chrome,13,23506,10.1.13.120,,,,,,,,,
"Sep 14, 2026 @ 14:34:10.769",LP20,CVE-2026-9918 affects Google Chrome,13,23506,10.1.13.120,,,,,,,,,
"Sep 14, 2026 @ 14:34:10.758",LP20,CVE-2026-14105 affects Google Chrome,13,23506,10.1.13.120,,,,,,,,,
"Sep 14, 2026 @ 14:34:10.686",LP20,CVE-2026-14093 affects Google Chrome,13,23506,10.1.13.120,,,,,,,,,
"Sep 14, 2026 @ 14:34:10.573",LP20,CVE-2026-10886 affects Google Chrome,13,23506,10.1.13.120,,,,,,,,,
"Sep 14, 2026 @ 14:34:10.296",LP20,CVE-2026-79052 affects Google Chrome,13,23506,10.1.13.120,,,,,,,,,
"Sep 14, 2026 @ 14:34:10.204",LP20,CVE-2026-11009 affects Google Chrome,13,23506,10.1.13.120,,,,,,,,,
"Sep 14, 2026 @ 14:34:10.193",LP20,CVE-2026-13782 affects Google Chrome,13,23506,10.1.13.120,,,,,,,,,
"Sep 14, 2026 @ 14:34:10.111",LP20,CVE-2026-79043 affects Google Chrome,13,23506,10.1.13.120,,,,,,,,,
"Sep 14, 2026 @ 14:34:09.957",LP20,CVE-2026-7910 affects Google Chrome,13,23506,10.1.13.120,,,,,,,,,
"Sep 14, 2026 @ 14:34:09.926",LP20,CVE-2026-17671 affects Google Chrome,13,23506,10.1.13.120,,,,,,,,,
"Sep 14, 2026 @ 14:34:09.884",LP20,CVE-2026-11088 affects Google Chrome,13,23506,10.1.13.120,,,,,,,,,
"Sep 14, 2026 @ 14:34:09.853",LP20,CVE-2026-11021 affects Google Chrome,13,23506,10.1.13.120,,,,,,,,,
"Sep 14, 2026 @ 14:34:09.689",LP20,CVE-2026-11061 affects Google Chrome,13,23506,10.1.13.120,,,,,,,,,
"Sep 14, 2026 @ 14:34:09.648",LP20,CVE-2026-11037 affects Google Chrome,13,23506,10.1.13.120,,,,,,,,,
"Sep 14, 2026 @ 14:34:09.564",LP20,CVE-2026-17738 affects Google Chrome,13,23506,10.1.13.120,,,,,,,,,
"Sep 14, 2026 @ 14:34:09.431",LP20,CVE-2026-5874 affects Google Chrome,13,23506,10.1.13.120,,,,,,,,,
"Sep 14, 2026 @ 14:34:09.060",LP20,CVE-2026-5288 affects Google Chrome,13,23506,10.1.13.120,,,,,,,,,
"Sep 14, 2026 @ 14:34:08.977",LP20,CVE-2026-13853 affects Google Chrome,13,23506,10.1.13.120,,,,,,,,,
"Sep 14, 2026 @ 14:34:08.874",LP20,CVE-2026-14425 affects Google Chrome,13,23506,10.1.13.120,,,,,,,,,
"Sep 14, 2026 @ 14:34:08.616",LP20,CVE-2026-10974 affects Google Chrome,13,23506,10.1.13.120,,,,,,,,,
"Sep 14, 2026 @ 14:34:08.492",LP20,CVE-2026-13861 affects Google Chrome,13,23506,10.1.13.120,,,,,,,,,
"Sep 14, 2026 @ 14:34:08.204",LP20,CVE-2026-79138 affects Google Chrome,13,23506,10.1.13.120,,,,,,,,,
"Sep 14, 2026 @ 14:34:08.163",LP20,CVE-2026-14017 affects Google Chrome,13,23506,10.1.13.120,,,,,,,,,
"Sep 14, 2026 @ 14:34:08.142",LP20,CVE-2026-10931 affects Google Chrome,13,23506,10.1.13.120,,,,,,,,,
"Sep 14, 2026 @ 14:34:08.080",LP20,CVE-2026-11066 affects Google Chrome,13,23506,10.1.13.120,,,,,,,,,
"Sep 14, 2026 @ 14:34:08.060",LP20,CVE-2026-78945 affects Google Chrome,13,23506,10.1.13.120,,,,,,,,,
"Sep 14, 2026 @ 14:34:07.676",LP20,CVE-2026-11293 affects Google Chrome,13,23506,10.1.13.120,,,,,,,,,
"Sep 14, 2026 @ 14:34:07.315",LP20,CVE-2026-13781 affects Google Chrome,13,23506,10.1.13.120,,,,,,,,,
"Sep 14, 2026 @ 14:34:07.087",LP20,CVE-2026-17832 affects Google Chrome,13,23506,10.1.13.120,,,,,,,,,
"Sep 14, 2026 @ 14:34:07.004",LP20,CVE-2026-79149 affects Google Chrome,13,23506,10.1.13.120,,,,,,,,,
"Sep 14, 2026 @ 14:34:06.623",LP20,CVE-2026-11120 affects Google Chrome,13,23506,10.1.13.120,,,,,,,,,
"Sep 14, 2026 @ 14:34:06.572",LP20,CVE-2026-14037 affects Google Chrome,13,23506,10.1.13.120,,,,,,,,,
"Sep 14, 2026 @ 14:34:06.376",LP20,CVE-2025-4052 affects Google Chrome,13,23506,10.1.13.120,,,,,,,,,
"Sep 14, 2026 @ 14:34:06.356",LP20,CVE-2026-11063 affects Google Chrome,13,23506,10.1.13.120,,,,,,,,,
"Sep 14, 2026 @ 14:34:06.284",LP20,CVE-2026-17673 affects Google Chrome,13,23506,10.1.13.120,,,,,,,,,
"Sep 14, 2026 @ 14:34:06.099",LP20,CVE-2026-10881 affects Google Chrome,13,23506,10.1.13.120,,,,,,,,,
"Sep 14, 2026 @ 14:34:06.006",LP20,CVE-2026-17721 affects Google Chrome,13,23506,10.1.13.120,,,,,,,,,
"Sep 14, 2026 @ 14:34:05.986",LP20,CVE-2026-11094 affects Google Chrome,13,23506,10.1.13.120,,,,,,,,,
"Sep 14, 2026 @ 14:34:05.892",LP20,CVE-2026-11671 affects Google Chrome,13,23506,10.1.13.120,,,,,,,,,
"Sep 14, 2026 @ 14:34:05.882",LP20,CVE-2026-79189 affects Google Chrome,13,23506,10.1.13.120,,,,,,,,,
"Sep 14, 2026 @ 14:34:05.872",LP20,CVE-2026-13780 affects Google Chrome,13,23506,10.1.13.120,,,,,,,,,
"Sep 14, 2026 @ 14:34:05.717",LP20,CVE-2026-11152 affects Google Chrome,13,23506,10.1.13.120,,,,,,,,,
"Sep 14, 2026 @ 14:34:05.634",LP20,CVE-2026-14382 affects Google Chrome,13,23506,10.1.13.120,,,,,,,,,
"Sep 14, 2026 @ 14:34:05.531",LP20,CVE-2026-13797 affects Google Chrome,13,23506,10.1.13.120,,,,,,,,,
"Sep 14, 2026 @ 14:34:05.427",LP20,CVE-2026-7908 affects Google Chrome,13,23506,10.1.13.120,,,,,,,,,
"Sep 14, 2026 @ 14:34:05.189",LP20,CVE-2026-13869 affects Google Chrome,13,23506,10.1.13.120,,,,,,,,,
"Sep 14, 2026 @ 14:34:05.126",LP20,CVE-2026-13934 affects Google Chrome,13,23506,10.1.13.120,,,,,,,,,
"Sep 14, 2026 @ 14:34:05.054",LP20,CVE-2026-13920 affects Google Chrome,13,23506,10.1.13.120,,,,,,,,,
"Sep 14, 2026 @ 14:34:05.000",SOC01,Executable file dropped in folder commonly used by malware,15,92213,10.1.24.114,,C:\\WINDOWS\\System32\\WindowsPowerShell\\v1.0\\powershell.exe,,,,,"""File created:
RuleName: -
UtcTime: 2026-09-14 18:34:03.835
ProcessGuid: {dc5fae25-3e1b-6aa8-839b-1a0000008100}
ProcessId: 21732
Image: C:\WINDOWS\System32\WindowsPowerShell\v1.0\powershell.exe
TargetFilename: C:\Users\bortiz\AppData\Local\Temp\__PSScriptPolicyTest_drwijrwl.2vd.ps1
CreationUtcTime: 2026-09-14 18:34:03.835
User: SOC01\CodexSandboxOffline""",,
"Sep 14, 2026 @ 14:34:04.888",LP20,CVE-2026-17991 affects Google Chrome,13,23506,10.1.13.120,,,,,,,,,
"Sep 14, 2026 @ 14:34:04.827",LP20,CVE-2026-79131 affects Google Chrome,13,23506,10.1.13.120,,,,,,,,,
"Sep 14, 2026 @ 14:34:04.796",LP20,CVE-2026-14109 affects Google Chrome,13,23506,10.1.13.120,,,,,,,,,
"Sep 14, 2026 @ 14:34:04.436",LP20,CVE-2026-11697 affects Google Chrome,13,23506,10.1.13.120,,,,,,,,,
"Sep 14, 2026 @ 14:34:04.416",LP20,CVE-2026-11198 affects Google Chrome,13,23506,10.1.13.120,,,,,,,,,
"Sep 14, 2026 @ 14:34:04.271",LP20,CVE-2026-12027 affects Google Chrome,13,23506,10.1.13.120,,,,,,,,,
"Sep 14, 2026 @ 14:34:04.251",LP20,CVE-2026-0906 affects Google Chrome,13,23506,10.1.13.120,,,,,,,,,
"Sep 14, 2026 @ 14:34:04.189",LP20,CVE-2026-14095 affects Google Chrome,13,23506,10.1.13.120,,,,,,,,,
"Sep 14, 2026 @ 14:34:04.138",LP20,CVE-2026-17666 affects Google Chrome,13,23506,10.1.13.120,,,,,,,,,
"Sep 14, 2026 @ 14:34:04.117",LP20,CVE-2026-79200 affects Google Chrome,13,23506,10.1.13.120,,,,,,,,,
"Sep 14, 2026 @ 14:34:04.097",LP20,CVE-2026-17768 affects Google Chrome,13,23506,10.1.13.120,,,,,,,,,
"Sep 14, 2026 @ 14:34:04.066",LP20,CVE-2026-11070 affects Google Chrome,13,23506,10.1.13.120,,,,,,,,,
"Sep 14, 2026 @ 14:34:03.819",LP20,CVE-2026-13859 affects Google Chrome,13,23506,10.1.13.120,,,,,,,,,
"Sep 14, 2026 @ 14:34:03.789",LP20,CVE-2026-8511 affects Google Chrome,13,23506,10.1.13.120,,,,,,,,,
"Sep 14, 2026 @ 14:34:03.550",LP20,CVE-2026-79257 affects Google Chrome,13,23506,10.1.13.120,,,,,,,,,
"Sep 14, 2026 @ 14:34:03.293",LP20,CVE-2026-79275 affects Google Chrome,13,23506,10.1.13.120,,,,,,,,,
"Sep 14, 2026 @ 14:34:03.107",LP20,CVE-2026-10983 affects Google Chrome,13,23506,10.1.13.120,,,,,,,,,
"Sep 14, 2026 @ 14:34:02.901",LP20,CVE-2026-13909 affects Google Chrome,13,23506,10.1.13.120,,,,,,,,,
"Sep 14, 2026 @ 14:34:02.726",LP20,CVE-2026-11207 affects Google Chrome,13,23506,10.1.13.120,,,,,,,,,
"Sep 14, 2026 @ 14:34:02.716",LP20,CVE-2026-9967 affects Google Chrome,13,23506,10.1.13.120,,,,,,,,,
"Sep 14, 2026 @ 14:34:02.644",LP20,CVE-2026-14113 affects Google Chrome,13,23506,10.1.13.120,,,,,,,,,
"Sep 14, 2026 @ 14:34:02.573",LP20,CVE-2026-5902 affects Google Chrome,13,23506,10.1.13.120,,,,,,,,,
"Sep 14, 2026 @ 14:34:02.295",LP20,CVE-2026-14056 affects Google Chrome,13,23506,10.1.13.120,,,,,,,,,
"Sep 14, 2026 @ 14:34:02.079",LP20,CVE-2026-9874 affects Google Chrome,13,23506,10.1.13.120,,,,,,,,,
"Sep 14, 2026 @ 14:34:01.996",LP20,CVE-2026-79232 affects Google Chrome,13,23506,10.1.13.120,,,,,,,,,
"Sep 14, 2026 @ 14:34:01.862",LP20,CVE-2026-14411 affects Google Chrome,13,23506,10.1.13.120,,,,,,,,,
"Sep 14, 2026 @ 14:34:01.719",LP20,CVE-2026-14398 affects Google Chrome,13,23506,10.1.13.120,,,,,,,,,
"Sep 14, 2026 @ 14:34:01.709",LP20,CVE-2026-17834 affects Google Chrome,13,23506,10.1.13.120,,,,,,,,,
"Sep 14, 2026 @ 14:34:01.688",LP20,CVE-2026-17652 affects Google Chrome,13,23506,10.1.13.120,,,,,,,,,
"Sep 14, 2026 @ 14:34:01.657",LP20,CVE-2026-10966 affects Google Chrome,13,23506,10.1.13.120,,,,,,,,,
"Sep 14, 2026 @ 14:34:01.493",LP20,CVE-2026-11052 affects Google Chrome,13,23506,10.1.13.120,,,,,,,,,
"Sep 14, 2026 @ 14:34:01.287",LP20,CVE-2026-84354 affects Google Chrome,13,23506,10.1.13.120,,,,,,,,,
"Sep 14, 2026 @ 14:34:00.936",LP20,CVE-2026-6920 affects Google Chrome,13,23506,10.1.13.120,,,,,,,,,
"Sep 14, 2026 @ 14:34:00.925",LP20,CVE-2026-79026 affects Google Chrome,13,23506,10.1.13.120,,,,,,,,,
"Sep 14, 2026 @ 14:34:00.740",LP20,CVE-2025-10890 affects Google Chrome,13,23506,10.1.13.120,,,,,,,,,
"Sep 14, 2026 @ 14:34:00.615",LP20,CVE-2026-8580 affects Google Chrome,13,23506,10.1.13.120,,,,,,,,,
"Sep 14, 2026 @ 14:34:00.368",LP20,CVE-2026-13775 affects Google Chrome,13,23506,10.1.13.120,,,,,,,,,
"Sep 14, 2026 @ 14:34:00.224",LP20,CVE-2026-84324 affects Google Chrome,13,23506,10.1.13.120,,,,,,,,,
"Sep 14, 2026 @ 14:34:00.183",LP20,CVE-2025-4609 affects Google Chrome,13,23506,10.1.13.120,,,,,,,,,
"Sep 14, 2026 @ 14:34:00.080",LP20,CVE-2026-14055 affects Google Chrome,13,23506,10.1.13.120,,,,,,,,,
"Sep 14, 2026 @ 14:34:00.069",LP20,CVE-2026-5289 affects Google Chrome,13,23506,10.1.13.120,,,,,,,,,
"Sep 14, 2026 @ 14:33:59.997",LP20,CVE-2026-14417 affects Google Chrome,13,23506,10.1.13.120,,,,,,,,,
"Sep 14, 2026 @ 14:33:59.894",LP20,CVE-2026-17704 affects Google Chrome,13,23506,10.1.13.120,,,,,,,,,
"Sep 14, 2026 @ 14:33:59.739",LP20,CVE-2026-79130 affects Google Chrome,13,23506,10.1.13.120,,,,,,,,,
"Sep 14, 2026 @ 14:33:59.688",LP20,CVE-2026-14043 affects Google Chrome,13,23506,10.1.13.120,,,,,,,,,
"Sep 14, 2026 @ 14:33:59.636",LP20,CVE-2026-79111 affects Google Chrome,13,23506,10.1.13.120,,,,,,,,,
"Sep 14, 2026 @ 14:33:59.606",LP20,CVE-2026-11651 affects Google Chrome,13,23506,10.1.13.120,,,,,,,,,
"Sep 14, 2026 @ 14:33:59.472",LP20,CVE-2026-13882 affects Google Chrome,13,23506,10.1.13.120,,,,,,,,,
"Sep 14, 2026 @ 14:33:59.462",LP20,CVE-2026-17717 affects Google Chrome,13,23506,10.1.13.120,,,,,,,,,
"Sep 14, 2026 @ 14:33:59.441",LP20,CVE-2026-11146 affects Google Chrome,13,23506,10.1.13.120,,,,,,,,,
"Sep 14, 2026 @ 14:33:58.841",LP20,CVE-2026-11095 affects Google Chrome,13,23506,10.1.13.120,,,,,,,,,
"Sep 14, 2026 @ 14:33:58.821",LP20,CVE-2026-78939 affects Google Chrome,13,23506,10.1.13.120,,,,,,,,,
"Sep 14, 2026 @ 14:33:58.686",LP20,CVE-2026-11213 affects Google Chrome,13,23506,10.1.13.120,,,,,,,,,
"Sep 14, 2026 @ 14:33:58.655",LP20,CVE-2026-17848 affects Google Chrome,13,23506,10.1.13.120,,,,,,,,,
"Sep 14, 2026 @ 14:33:58.522",LP20,CVE-2026-15773 affects Google Chrome,13,23506,10.1.13.120,,,,,,,,,
"Sep 14, 2026 @ 14:33:58.471",LP20,CVE-2026-11056 affects Google Chrome,13,23506,10.1.13.120,,,,,,,,,
"Sep 14, 2026 @ 14:33:58.419",LP20,CVE-2026-79290 affects Google Chrome,13,23506,10.1.13.120,,,,,,,,,
"Sep 14, 2026 @ 14:33:58.368",LP20,CVE-2026-5290 affects Google Chrome,13,23506,10.1.13.120,,,,,,,,,
"Sep 14, 2026 @ 14:33:58.306",LP20,CVE-2026-0905 affects Google Chrome,13,23506,10.1.13.120,,,,,,,,,
"Sep 14, 2026 @ 14:33:58.296",LP20,CVE-2026-11113 affects Google Chrome,13,23506,10.1.13.120,,,,,,,,,
"Sep 14, 2026 @ 14:33:58.121",LP20,CVE-2026-13789 affects Google Chrome,13,23506,10.1.13.120,,,,,,,,,
"Sep 14, 2026 @ 14:33:57.914",LP20,CVE-2026-17837 affects Google Chrome,13,23506,10.1.13.120,,,,,,,,,
"Sep 14, 2026 @ 14:33:57.852",LP20,CVE-2026-13798 affects Google Chrome,13,23506,10.1.13.120,,,,,,,,,
"Sep 14, 2026 @ 14:33:57.636",LP20,CVE-2026-11634 affects Google Chrome,13,23506,10.1.13.120,,,,,,,,,
"Sep 14, 2026 @ 14:33:57.429",LP20,CVE-2026-11250 affects Google Chrome,13,23506,10.1.13.120,,,,,,,,,
"Sep 14, 2026 @ 14:33:57.368",LP20,CVE-2026-11153 affects Google Chrome,13,23506,10.1.13.120,,,,,,,,,
"Sep 14, 2026 @ 14:33:57.109",LP20,CVE-2026-11047 affects Google Chrome,13,23506,10.1.13.120,,,,,,,,,
"Sep 14, 2026 @ 14:33:57.026",LP20,CVE-2026-11638 affects Google Chrome,13,23506,10.1.13.120,,,,,,,,,
"Sep 14, 2026 @ 14:33:56.943",LP20,CVE-2026-14392 affects Google Chrome,13,23506,10.1.13.120,,,,,,,,,
"Sep 14, 2026 @ 14:33:56.778",LP20,CVE-2026-0907 affects Google Chrome,13,23506,10.1.13.120,,,,,,,,,
"Sep 14, 2026 @ 14:33:56.746",LP20,CVE-2026-13776 affects Google Chrome,13,23506,10.1.13.120,,,,,,,,,
"Sep 14, 2026 @ 14:33:56.715",LP20,CVE-2026-14405 affects Google Chrome,13,23506,10.1.13.120,,,,,,,,,
"Sep 14, 2026 @ 14:33:56.654",LP20,CVE-2026-79019 affects Google Chrome,13,23506,10.1.13.120,,,,,,,,,
"Sep 14, 2026 @ 14:33:56.479",LP20,CVE-2026-11065 affects Google Chrome,13,23506,10.1.13.120,,,,,,,,,
"Sep 14, 2026 @ 14:33:56.459",LP20,CVE-2026-78904 affects Google Chrome,13,23506,10.1.13.120,,,,,,,,,
"Sep 14, 2026 @ 14:33:56.284",LP20,CVE-2026-14387 affects Google Chrome,13,23506,10.1.13.120,,,,,,,,,
"Sep 14, 2026 @ 14:33:56.222",LP20,CVE-2026-18002 affects Google Chrome,13,23506,10.1.13.120,,,,,,,,,
"Sep 14, 2026 @ 14:33:55.872",LP20,CVE-2026-19164 affects Google Chrome,13,23506,10.1.13.120,,,,,,,,,
"Sep 14, 2026 @ 14:33:55.830",LP20,CVE-2026-19166 affects Google Chrome,13,23506,10.1.13.120,,,,,,,,,
"Sep 14, 2026 @ 14:33:55.810",LP20,CVE-2026-19175 affects Google Chrome,13,23506,10.1.13.120,,,,,,,,,
"Sep 14, 2026 @ 14:33:55.532",LP20,CVE-2026-3545 affects Google Chrome,13,23506,10.1.13.120,,,,,,,,,
"Sep 14, 2026 @ 14:33:55.181",LP20,CVE-2026-13883 affects Google Chrome,13,23506,10.1.13.120,,,,,,,,,
"Sep 14, 2026 @ 14:33:55.004",LP20,CVE-2026-13796 affects Google Chrome,13,23506,10.1.13.120,,,,,,,,,
"Sep 14, 2026 @ 14:33:54.551",LP20,CVE-2026-84325 affects Google Chrome,13,23506,10.1.13.120,,,,,,,,,
"Sep 14, 2026 @ 14:33:54.531",LP20,CVE-2026-6296 affects Google Chrome,13,23506,10.1.13.120,,,,,,,,,
"Sep 14, 2026 @ 14:33:54.510",LP20,CVE-2026-17697 affects Google Chrome,13,23506,10.1.13.120,,,,,,,,,
"Sep 14, 2026 @ 14:33:54.386",LP20,CVE-2026-6919 affects Google Chrome,13,23506,10.1.13.120,,,,,,,,,
"Sep 14, 2026 @ 14:33:54.344",LP20,CVE-2026-7333 affects Google Chrome,13,23506,10.1.13.120,,,,,,,,,
"Sep 14, 2026 @ 14:33:54.282",LP20,CVE-2026-12440 affects Google Chrome,13,23506,10.1.13.120,,,,,,,,,
"Sep 14, 2026 @ 14:33:54.262",LP20,CVE-2026-79235 affects Google Chrome,13,23506,10.1.13.120,,,,,,,,,
"Sep 14, 2026 @ 14:33:54.231",LP20,CVE-2026-13901 affects Google Chrome,13,23506,10.1.13.120,,,,,,,,,
"Sep 14, 2026 @ 14:33:53.911",LP20,CVE-2026-78900 affects Google Chrome,13,23506,10.1.13.120,,,,,,,,,
"Sep 14, 2026 @ 14:33:53.839",LP20,CVE-2026-78909 affects Google Chrome,13,23506,10.1.13.120,,,,,,,,,
"Sep 14, 2026 @ 14:33:53.746",LP20,CVE-2026-78948 affects Google Chrome,13,23506,10.1.13.120,,,,,,,,,
"Sep 14, 2026 @ 14:33:53.716",LP20,CVE-2026-78951 affects Google Chrome,13,23506,10.1.13.120,,,,,,,,,
"Sep 14, 2026 @ 14:33:53.705",LP20,CVE-2026-17987 affects Google Chrome,13,23506,10.1.13.120,,,,,,,,,
"Sep 14, 2026 @ 14:33:53.478",LP20,CVE-2026-78989 affects Google Chrome,13,23506,10.1.13.120,,,,,,,,,
"Sep 14, 2026 @ 14:33:53.313",LP20,CVE-2026-79056 affects Google Chrome,13,23506,10.1.13.120,,,,,,,,,
"Sep 14, 2026 @ 14:33:53.231",LP20,CVE-2026-9891 affects Google Chrome,13,23506,10.1.13.120,,,,,,,,,
"Sep 14, 2026 @ 14:33:53.138",LP20,CVE-2026-79047 affects Google Chrome,13,23506,10.1.13.120,,,,,,,,,
"Sep 14, 2026 @ 14:33:53.046",LP20,CVE-2026-79058 affects Google Chrome,13,23506,10.1.13.120,,,,,,,,,
"Sep 14, 2026 @ 14:33:52.797",LP20,CVE-2026-14419 affects Google Chrome,13,23506,10.1.13.120,,,,,,,,,
"Sep 14, 2026 @ 14:33:52.736",LP20,CVE-2026-79148 affects Google Chrome,13,23506,10.1.13.120,,,,,,,,,
"Sep 14, 2026 @ 14:33:33.238",SOC01,Executable file dropped in folder commonly used by malware,15,92213,10.1.24.114,,C:\\WINDOWS\\System32\\WindowsPowerShell\\v1.0\\powershell.exe,,,,,"""File created:
RuleName: -
UtcTime: 2026-09-14 18:33:32.053
ProcessGuid: {dc5fae25-3dfb-6aa8-619b-1a0000008100}
ProcessId: 33756
Image: C:\WINDOWS\System32\WindowsPowerShell\v1.0\powershell.exe
TargetFilename: C:\Users\bortiz\AppData\Local\Temp\__PSScriptPolicyTest_j2mnbbyt.rky.ps1
CreationUtcTime: 2026-09-14 18:33:32.052
User: SOC01\CodexSandboxOffline""",,
"Sep 14, 2026 @ 14:33:26.313",SOC01,Executable file dropped in folder commonly used by malware,15,92213,10.1.24.114,,C:\\WINDOWS\\System32\\WindowsPowerShell\\v1.0\\powershell.exe,,,,,"""File created:
RuleName: -
UtcTime: 2026-09-14 18:33:24.809
ProcessGuid: {dc5fae25-3df4-6aa8-559b-1a0000008100}
ProcessId: 47280
Image: C:\WINDOWS\System32\WindowsPowerShell\v1.0\powershell.exe
TargetFilename: C:\Users\bortiz\AppData\Local\Temp\__PSScriptPolicyTest_o2oyw0nb.0yt.ps1
CreationUtcTime: 2026-09-14 18:33:24.809
User: SOC01\CodexSandboxOffline""",,
"Sep 14, 2026 @ 14:33:15.498",SOC01,Executable file dropped in folder commonly used by malware,15,92213,10.1.24.114,,C:\\WINDOWS\\System32\\WindowsPowerShell\\v1.0\\powershell.exe,,,,,"""File created:
RuleName: -
UtcTime: 2026-09-14 18:33:14.347
ProcessGuid: {dc5fae25-3dea-6aa8-3c9b-1a0000008100}
ProcessId: 6352
Image: C:\WINDOWS\System32\WindowsPowerShell\v1.0\powershell.exe
TargetFilename: C:\Users\bortiz\AppData\Local\Temp\__PSScriptPolicyTest_lyatfksy.rkn.ps1
CreationUtcTime: 2026-09-14 18:33:14.347
User: SOC01\CodexSandboxOffline""",,
"Sep 14, 2026 @ 14:32:28.875",SOC01,Executable file dropped in folder commonly used by malware,15,92213,10.1.24.114,,C:\\WINDOWS\\System32\\WindowsPowerShell\\v1.0\\powershell.exe,,,,,"""File created:
RuleName: -
UtcTime: 2026-09-14 18:32:27.796
ProcessGuid: {dc5fae25-3dbb-6aa8-ed9a-1a0000008100}
ProcessId: 37644
Image: C:\WINDOWS\System32\WindowsPowerShell\v1.0\powershell.exe
TargetFilename: C:\Users\bortiz\AppData\Local\Temp\__PSScriptPolicyTest_pb0tqpte.noi.ps1
CreationUtcTime: 2026-09-14 18:32:27.796
User: SOC01\CodexSandboxOffline""",,
"Sep 14, 2026 @ 14:32:07.560",SOC01,Executable file dropped in folder commonly used by malware,15,92213,10.1.24.114,,C:\\WINDOWS\\System32\\WindowsPowerShell\\v1.0\\powershell.exe,,,,,"""File created:
RuleName: -
UtcTime: 2026-09-14 18:32:06.714
ProcessGuid: {dc5fae25-3da6-6aa8-b79a-1a0000008100}
ProcessId: 17488
Image: C:\WINDOWS\System32\WindowsPowerShell\v1.0\powershell.exe
TargetFilename: C:\Users\bortiz\AppData\Local\Temp\__PSScriptPolicyTest_x111jos4.yye.ps1
CreationUtcTime: 2026-09-14 18:32:06.714
User: SOC01\CodexSandboxOffline""",,
"Sep 14, 2026 @ 14:32:07.484",SOC01,Executable file dropped in folder commonly used by malware,15,92213,10.1.24.114,,C:\\WINDOWS\\System32\\WindowsPowerShell\\v1.0\\powershell.exe,,,,,"""File created:
RuleName: -
UtcTime: 2026-09-14 18:32:06.333
ProcessGuid: {dc5fae25-3da6-6aa8-b29a-1a0000008100}
ProcessId: 34068
Image: C:\WINDOWS\System32\WindowsPowerShell\v1.0\powershell.exe
TargetFilename: C:\Users\bortiz\AppData\Local\Temp\__PSScriptPolicyTest_1ffnvtf3.u5u.ps1
CreationUtcTime: 2026-09-14 18:32:06.333
User: SOC01\CodexSandboxOffline""",,
"Sep 14, 2026 @ 14:31:37.868",SOC01,Executable file dropped in folder commonly used by malware,15,92213,10.1.24.114,,C:\\WINDOWS\\System32\\WindowsPowerShell\\v1.0\\powershell.exe,,,,,"""File created:
RuleName: -
UtcTime: 2026-09-14 18:31:37.167
ProcessGuid: {dc5fae25-3d89-6aa8-909a-1a0000008100}
ProcessId: 47752
Image: C:\WINDOWS\System32\WindowsPowerShell\v1.0\powershell.exe
TargetFilename: C:\Users\bortiz\AppData\Local\Temp\__PSScriptPolicyTest_k5tk5t4t.eso.ps1
CreationUtcTime: 2026-09-14 18:31:37.167
User: SOC01\CodexSandboxOffline""",,
"Sep 14, 2026 @ 14:31:37.698",SOC01,Executable file dropped in folder commonly used by malware,15,92213,10.1.24.114,,C:\\WINDOWS\\System32\\WindowsPowerShell\\v1.0\\powershell.exe,,,,,"""File created:
RuleName: -
UtcTime: 2026-09-14 18:31:36.771
ProcessGuid: {dc5fae25-3d88-6aa8-839a-1a0000008100}
ProcessId: 54344
Image: C:\WINDOWS\System32\WindowsPowerShell\v1.0\powershell.exe
TargetFilename: C:\Users\bortiz\AppData\Local\Temp\__PSScriptPolicyTest_ozwydnwo.glm.ps1
CreationUtcTime: 2026-09-14 18:31:36.771
User: SOC01\CodexSandboxOffline""",,
"Sep 14, 2026 @ 14:31:13.817",SOC01,Executable file dropped in folder commonly used by malware,15,92213,10.1.24.114,,C:\\WINDOWS\\System32\\WindowsPowerShell\\v1.0\\powershell.exe,,,,,"""File created:
RuleName: -
UtcTime: 2026-09-14 18:31:12.583
ProcessGuid: {dc5fae25-3d70-6aa8-3c9a-1a0000008100}
ProcessId: 30256
Image: C:\WINDOWS\System32\WindowsPowerShell\v1.0\powershell.exe
TargetFilename: C:\Users\bortiz\AppData\Local\Temp\__PSScriptPolicyTest_3kjoy4cl.vcf.ps1
CreationUtcTime: 2026-09-14 18:31:12.583
User: SOC01\CodexSandboxOffline""",,
"Sep 14, 2026 @ 14:31:12.619",SOC01,Executable file dropped in folder commonly used by malware,15,92213,10.1.24.114,,C:\\WINDOWS\\System32\\WindowsPowerShell\\v1.0\\powershell.exe,,,,,"""File created:
RuleName: -
UtcTime: 2026-09-14 18:31:11.484
ProcessGuid: {dc5fae25-3d6f-6aa8-359a-1a0000008100}
ProcessId: 23004
Image: C:\WINDOWS\System32\WindowsPowerShell\v1.0\powershell.exe
TargetFilename: C:\Users\bortiz\AppData\Local\Temp\__PSScriptPolicyTest_jwlxxrzr.jsn.ps1
CreationUtcTime: 2026-09-14 18:31:11.483
User: SOC01\CodexSandboxOffline""",,
"Sep 14, 2026 @ 14:30:55.985",SOC01,Executable file dropped in folder commonly used by malware,15,92213,10.1.24.114,,C:\\WINDOWS\\System32\\WindowsPowerShell\\v1.0\\powershell.exe,,,,,"""File created:
RuleName: -
UtcTime: 2026-09-14 18:30:55.146
ProcessGuid: {dc5fae25-3d5f-6aa8-1b9a-1a0000008100}
ProcessId: 19776
Image: C:\WINDOWS\System32\WindowsPowerShell\v1.0\powershell.exe
TargetFilename: C:\Users\bortiz\AppData\Local\Temp\__PSScriptPolicyTest_52qnbyqn.zih.ps1
CreationUtcTime: 2026-09-14 18:30:55.146
User: SOC01\CodexSandboxOffline""",,
"Sep 14, 2026 @ 14:30:34.309",SOC01,Executable file dropped in folder commonly used by malware,15,92213,10.1.24.114,,C:\\WINDOWS\\System32\\WindowsPowerShell\\v1.0\\powershell.exe,,,,,"""File created:
RuleName: -
UtcTime: 2026-09-14 18:30:33.445
ProcessGuid: {dc5fae25-3d49-6aa8-f299-1a0000008100}
ProcessId: 22468
Image: C:\WINDOWS\System32\WindowsPowerShell\v1.0\powershell.exe
TargetFilename: C:\Users\bortiz\AppData\Local\Temp\__PSScriptPolicyTest_ob2sekmz.nb3.ps1
CreationUtcTime: 2026-09-14 18:30:33.445
User: SOC01\CodexSandboxOffline""",,
"Sep 14, 2026 @ 14:30:34.233",SOC01,Executable file dropped in folder commonly used by malware,15,92213,10.1.24.114,,C:\\WINDOWS\\System32\\WindowsPowerShell\\v1.0\\powershell.exe,,,,,"""File created:
RuleName: -
UtcTime: 2026-09-14 18:30:33.100
ProcessGuid: {dc5fae25-3d49-6aa8-e899-1a0000008100}
ProcessId: 13996
Image: C:\WINDOWS\System32\WindowsPowerShell\v1.0\powershell.exe
TargetFilename: C:\Users\bortiz\AppData\Local\Temp\__PSScriptPolicyTest_wkduh2px.nyv.ps1
CreationUtcTime: 2026-09-14 18:30:33.099
User: SOC01\CodexSandboxOffline""",,
"Sep 14, 2026 @ 14:30:33.565",SOC01,Executable file dropped in folder commonly used by malware,15,92213,10.1.24.114,,C:\\WINDOWS\\System32\\WindowsPowerShell\\v1.0\\powershell.exe,,,,,"""File created:
RuleName: -
UtcTime: 2026-09-14 18:30:32.725
ProcessGuid: {dc5fae25-3d48-6aa8-e099-1a0000008100}
ProcessId: 40108
Image: C:\WINDOWS\System32\WindowsPowerShell\v1.0\powershell.exe
TargetFilename: C:\Users\bortiz\AppData\Local\Temp\__PSScriptPolicyTest_54pxzblf.mih.ps1
CreationUtcTime: 2026-09-14 18:30:32.725
User: SOC01\CodexSandboxOffline""",,
"Sep 14, 2026 @ 14:30:32.814",SOC01,Executable file dropped in folder commonly used by malware,15,92213,10.1.24.114,,C:\\WINDOWS\\System32\\WindowsPowerShell\\v1.0\\powershell.exe,,,,,"""File created:
RuleName: -
UtcTime: 2026-09-14 18:30:31.618
ProcessGuid: {dc5fae25-3d47-6aa8-d099-1a0000008100}
ProcessId: 18072
Image: C:\WINDOWS\System32\WindowsPowerShell\v1.0\powershell.exe
TargetFilename: C:\Users\bortiz\AppData\Local\Temp\__PSScriptPolicyTest_voacnglu.uuf.ps1
CreationUtcTime: 2026-09-14 18:30:31.618
User: SOC01\CodexSandboxOffline""",,
"Sep 14, 2026 @ 14:30:26.172",SOC02,Executable file dropped in folder commonly used by malware,15,92213,10.1.24.101,,C:\\Program Files\\Android\\Android Studio\\jbr\\bin\\java.exe,,,,,"""File created:
RuleName: DLL
UtcTime: 2026-09-14 18:30:25.928
ProcessGuid: {e1811bd5-0b46-6aa8-e807-000000007100}
ProcessId: 21236
Image: C:\Program Files\Android\Android Studio\jbr\bin\java.exe
TargetFilename: C:\Users\RACUNA~1.MED\AppData\Local\Temp\sqlite-3.41.2.2-1c00ccf0-a1ae-479f-b2a7-5be8370df0c3-sqlitejdbc.dll
CreationUtcTime: 2026-09-14 18:30:25.928
User: MEDALLA\racuna""",,
"Sep 14, 2026 @ 14:28:02.405",SOC01,Executable file dropped in folder commonly used by malware,15,92213,10.1.24.114,,C:\\WINDOWS\\System32\\WindowsPowerShell\\v1.0\\powershell.exe,,,,,"""File created:
RuleName: -
UtcTime: 2026-09-14 18:28:00.867
ProcessGuid: {dc5fae25-3cb0-6aa8-0899-1a0000008100}
ProcessId: 13244
Image: C:\WINDOWS\System32\WindowsPowerShell\v1.0\powershell.exe
TargetFilename: C:\Users\bortiz\AppData\Local\Temp\__PSScriptPolicyTest_0vzyhlse.vex.ps1
CreationUtcTime: 2026-09-14 18:28:00.867
User: SOC01\CodexSandboxOffline""",,
"Sep 14, 2026 @ 14:27:17.829",SOC01,Executable file dropped in folder commonly used by malware,15,92213,10.1.24.114,,C:\\WINDOWS\\System32\\WindowsPowerShell\\v1.0\\powershell.exe,,,,,"""File created:
RuleName: -
UtcTime: 2026-09-14 18:27:16.289
ProcessGuid: {dc5fae25-3c84-6aa8-9598-1a0000008100}
ProcessId: 12632
Image: C:\WINDOWS\System32\WindowsPowerShell\v1.0\powershell.exe
TargetFilename: C:\Users\bortiz\AppData\Local\Temp\__PSScriptPolicyTest_bcfofnmg.hth.ps1
CreationUtcTime: 2026-09-14 18:27:16.289
User: MEDALLA\bortiz""",,
