"Sep 14, 2026 @ 13:25:15.529",SOC02,Executable file dropped in folder commonly used by malware,15,92213,10.1.24.101,,C:\\WINDOWS\\System32\\WindowsPowerShell\\v1.0\\powershell.exe,,,,,"""File created:
RuleName: -
UtcTime: 2026-09-14 17:25:14.430
ProcessGuid: {e1811bd5-2dfa-6aa8-220d-000000007100}
ProcessId: 15108
Image: C:\WINDOWS\System32\WindowsPowerShell\v1.0\powershell.exe
TargetFilename: C:\Users\racuna.MEDALLA\AppData\Local\Temp\__PSScriptPolicyTest_s0u111xa.eze.ps1
CreationUtcTime: 2026-09-14 17:25:14.429
User: MEDALLA\racuna""",,
"Sep 14, 2026 @ 13:24:16.919",hermes2,Alerta SOC Medalla: Escaneo agresivo de directorios (múltiples 404/403) detectado evadiendo Nginx.,12,31151,10.1.100.11,400,,181.124.143.200,Paraguay,,,,"181.124.143.200 - - [14/Sep/2026:14:24:15 -0300] ""POST /MedallaMilagrosa24h/rest/AppRestCall?fmt=json HTTP/1.1"" 400 46 ""-"" ""okhttp/4.9.0""",/MedallaMilagrosa24h/rest/AppRestCall?fmt=json
"Sep 14, 2026 @ 13:23:10.321",SL32,CVE-2026-16350 affects Mozilla Firefox 83.0 (x86 es-AR),13,23506,10.1.2.132,,,,,,,,,
"Sep 14, 2026 @ 13:23:10.301",SL32,CVE-2026-12315 affects Mozilla Firefox 83.0 (x86 es-AR),13,23506,10.1.2.132,,,,,,,,,
"Sep 14, 2026 @ 13:23:10.249",SL32,CVE-2024-11704 affects Mozilla Firefox 83.0 (x86 es-AR),13,23506,10.1.2.132,,,,,,,,,
"Sep 14, 2026 @ 13:23:10.126",SL32,CVE-2024-8384 affects Mozilla Firefox 83.0 (x86 es-AR),13,23506,10.1.2.132,,,,,,,,,
"Sep 14, 2026 @ 13:23:10.075",SL32,CVE-2026-16381 affects Mozilla Firefox 83.0 (x86 es-AR),13,23506,10.1.2.132,,,,,,,,,
"Sep 14, 2026 @ 13:23:09.706",SL32,CVE-2026-74986 affects Mozilla Firefox 83.0 (x86 es-AR),13,23506,10.1.2.132,,,,,,,,,
"Sep 14, 2026 @ 13:23:09.696",SL32,CVE-2025-13023 affects Mozilla Firefox 83.0 (x86 es-AR),13,23506,10.1.2.132,,,,,,,,,
"Sep 14, 2026 @ 13:23:09.675",SL32,CVE-2025-6424 affects Mozilla Firefox 83.0 (x86 es-AR),13,23506,10.1.2.132,,,,,,,,,
"Sep 14, 2026 @ 13:23:09.562",SL32,CVE-2022-29917 affects Mozilla Firefox 83.0 (x86 es-AR),13,23506,10.1.2.132,,,,,,,,,
"Sep 14, 2026 @ 13:23:09.522",SL32,CVE-2022-31736 affects Mozilla Firefox 83.0 (x86 es-AR),13,23506,10.1.2.132,,,,,,,,,
"Sep 14, 2026 @ 13:23:09.440",SL32,CVE-2024-11705 affects Mozilla Firefox 83.0 (x86 es-AR),13,23506,10.1.2.132,,,,,,,,,
"Sep 14, 2026 @ 13:23:09.419",SL32,CVE-2024-2615 affects Mozilla Firefox 83.0 (x86 es-AR),13,23506,10.1.2.132,,,,,,,,,
"Sep 14, 2026 @ 13:23:09.378",SL32,CVE-2022-26384 affects Mozilla Firefox 83.0 (x86 es-AR),13,23506,10.1.2.132,,,,,,,,,
"Sep 14, 2026 @ 13:23:09.337",SL32,CVE-2024-11693 affects Mozilla Firefox 83.0 (x86 es-AR),13,23506,10.1.2.132,,,,,,,,,
"Sep 14, 2026 @ 13:23:09.224",SL32,CVE-2026-84143 affects Mozilla Firefox 83.0 (x86 es-AR),13,23506,10.1.2.132,,,,,,,,,
"Sep 14, 2026 @ 13:23:09.204",SL32,CVE-2022-22759 affects Mozilla Firefox 83.0 (x86 es-AR),13,23506,10.1.2.132,,,,,,,,,
"Sep 14, 2026 @ 13:23:08.794",SL32,CVE-2026-12304 affects Mozilla Firefox 83.0 (x86 es-AR),13,23506,10.1.2.132,,,,,,,,,
"Sep 14, 2026 @ 13:23:08.610",SL32,CVE-2026-75874 affects Mozilla Firefox 83.0 (x86 es-AR),13,23506,10.1.2.132,,,,,,,,,
"Sep 14, 2026 @ 13:23:08.538",SL32,CVE-2022-36320 affects Mozilla Firefox 83.0 (x86 es-AR),13,23506,10.1.2.132,,,,,,,,,
"Sep 14, 2026 @ 13:23:08.507",SL32,CVE-2022-31747 affects Mozilla Firefox 83.0 (x86 es-AR),13,23506,10.1.2.132,,,,,,,,,
"Sep 14, 2026 @ 13:23:08.487",SL32,CVE-2023-4056 affects Mozilla Firefox 83.0 (x86 es-AR),13,23506,10.1.2.132,,,,,,,,,
"Sep 14, 2026 @ 13:23:08.476",SL32,CVE-2026-4715 affects Mozilla Firefox 83.0 (x86 es-AR),13,23506,10.1.2.132,,,,,,,,,
"Sep 14, 2026 @ 13:23:08.281",SL32,CVE-2024-9401 affects Mozilla Firefox 83.0 (x86 es-AR),13,23506,10.1.2.132,,,,,,,,,
"Sep 14, 2026 @ 13:23:08.220",SL32,CVE-2026-74979 affects Mozilla Firefox 83.0 (x86 es-AR),13,23506,10.1.2.132,,,,,,,,,
"Sep 14, 2026 @ 13:23:08.004",SL32,CVE-2022-34476 affects Mozilla Firefox 83.0 (x86 es-AR),13,23506,10.1.2.132,,,,,,,,,
"Sep 14, 2026 @ 13:23:07.952",SL32,CVE-2023-5730 affects Mozilla Firefox 83.0 (x86 es-AR),13,23506,10.1.2.132,,,,,,,,,
"Sep 14, 2026 @ 13:23:07.870",SL32,CVE-2026-16406 affects Mozilla Firefox 83.0 (x86 es-AR),13,23506,10.1.2.132,,,,,,,,,
"Sep 14, 2026 @ 13:23:07.840",SL32,CVE-2022-31748 affects Mozilla Firefox 83.0 (x86 es-AR),13,23506,10.1.2.132,,,,,,,,,
"Sep 14, 2026 @ 13:23:07.614",SL32,CVE-2025-0247 affects Mozilla Firefox 83.0 (x86 es-AR),13,23506,10.1.2.132,,,,,,,,,
"Sep 14, 2026 @ 13:23:07.542",SL32,CVE-2024-1554 affects Mozilla Firefox 83.0 (x86 es-AR),13,23506,10.1.2.132,,,,,,,,,
"Sep 14, 2026 @ 13:23:07.449",SL32,CVE-2026-8950 affects Mozilla Firefox 83.0 (x86 es-AR),13,23506,10.1.2.132,,,,,,,,,
"Sep 14, 2026 @ 13:23:07.398",SL32,CVE-2026-7321 affects Mozilla Firefox 83.0 (x86 es-AR),13,23506,10.1.2.132,,,,,,,,,
"Sep 14, 2026 @ 13:23:07.388",SL32,CVE-2024-5699 affects Mozilla Firefox 83.0 (x86 es-AR),13,23506,10.1.2.132,,,,,,,,,
"Sep 14, 2026 @ 13:23:07.234",SL32,CVE-2020-26972 affects Mozilla Firefox 83.0 (x86 es-AR),13,23506,10.1.2.132,,,,,,,,,
"Sep 14, 2026 @ 13:23:07.182",SL32,CVE-2023-32216 affects Mozilla Firefox 83.0 (x86 es-AR),13,23506,10.1.2.132,,,,,,,,,
"Sep 14, 2026 @ 13:23:07.141",SL32,CVE-2026-16389 affects Mozilla Firefox 83.0 (x86 es-AR),13,23506,10.1.2.132,,,,,,,,,
"Sep 14, 2026 @ 13:23:06.946",SL32,CVE-2021-4140 affects Mozilla Firefox 83.0 (x86 es-AR),13,23506,10.1.2.132,,,,,,,,,
"Sep 14, 2026 @ 13:23:06.915",SL32,CVE-2023-34416 affects Mozilla Firefox 83.0 (x86 es-AR),13,23506,10.1.2.132,,,,,,,,,
"Sep 14, 2026 @ 13:23:06.761",SL32,CVE-2026-2805 affects Mozilla Firefox 83.0 (x86 es-AR),13,23506,10.1.2.132,,,,,,,,,
"Sep 14, 2026 @ 13:23:06.567",SL32,CVE-2026-4724 affects Mozilla Firefox 83.0 (x86 es-AR),13,23506,10.1.2.132,,,,,,,,,
"Sep 14, 2026 @ 13:23:06.485",SL32,CVE-2022-26486 affects Mozilla Firefox 83.0 (x86 es-AR),13,23506,10.1.2.132,,,,,,,,,
"Sep 14, 2026 @ 13:23:06.474",SL32,CVE-2026-16390 affects Mozilla Firefox 83.0 (x86 es-AR),13,23506,10.1.2.132,,,,,,,,,
"Sep 14, 2026 @ 13:23:06.454",SL32,CVE-2026-16392 affects Mozilla Firefox 83.0 (x86 es-AR),13,23506,10.1.2.132,,,,,,,,,
"Sep 14, 2026 @ 13:23:06.423",SL32,CVE-2026-16393 affects Mozilla Firefox 83.0 (x86 es-AR),13,23506,10.1.2.132,,,,,,,,,
"Sep 14, 2026 @ 13:23:06.413",SL32,CVE-2026-16394 affects Mozilla Firefox 83.0 (x86 es-AR),13,23506,10.1.2.132,,,,,,,,,
"Sep 14, 2026 @ 13:23:06.392",SL32,CVE-2026-16395 affects Mozilla Firefox 83.0 (x86 es-AR),13,23506,10.1.2.132,,,,,,,,,
"Sep 14, 2026 @ 13:23:06.351",SL32,CVE-2024-8385 affects Mozilla Firefox 83.0 (x86 es-AR),13,23506,10.1.2.132,,,,,,,,,
"Sep 14, 2026 @ 13:23:06.290",SL32,CVE-2026-16407 affects Mozilla Firefox 83.0 (x86 es-AR),13,23506,10.1.2.132,,,,,,,,,
"Sep 14, 2026 @ 13:23:06.269",SL32,CVE-2026-16408 affects Mozilla Firefox 83.0 (x86 es-AR),13,23506,10.1.2.132,,,,,,,,,
"Sep 14, 2026 @ 13:23:06.239",SL32,CVE-2026-16411 affects Mozilla Firefox 83.0 (x86 es-AR),13,23506,10.1.2.132,,,,,,,,,
"Sep 14, 2026 @ 13:23:06.115",SL32,CVE-2021-4129 affects Mozilla Firefox 83.0 (x86 es-AR),13,23506,10.1.2.132,,,,,,,,,
"Sep 14, 2026 @ 13:23:06.073",SL32,CVE-2026-8953 affects Mozilla Firefox 83.0 (x86 es-AR),13,23506,10.1.2.132,,,,,,,,,
"Sep 14, 2026 @ 13:23:05.826",SL32,CVE-2025-9179 affects Mozilla Firefox 83.0 (x86 es-AR),13,23506,10.1.2.132,,,,,,,,,
"Sep 14, 2026 @ 13:23:05.806",SL32,CVE-2026-4701 affects Mozilla Firefox 83.0 (x86 es-AR),13,23506,10.1.2.132,,,,,,,,,
"Sep 14, 2026 @ 13:23:05.734",SL32,CVE-2026-4711 affects Mozilla Firefox 83.0 (x86 es-AR),13,23506,10.1.2.132,,,,,,,,,
"Sep 14, 2026 @ 13:23:05.682",SL32,CVE-2026-4717 affects Mozilla Firefox 83.0 (x86 es-AR),13,23506,10.1.2.132,,,,,,,,,
"Sep 14, 2026 @ 13:23:05.651",SL32,CVE-2026-74956 affects Mozilla Firefox 83.0 (x86 es-AR),13,23506,10.1.2.132,,,,,,,,,
"Sep 14, 2026 @ 13:23:05.621",SL32,CVE-2022-34470 affects Mozilla Firefox 83.0 (x86 es-AR),13,23506,10.1.2.132,,,,,,,,,
"Sep 14, 2026 @ 13:23:05.600",SL32,CVE-2026-2806 affects Mozilla Firefox 83.0 (x86 es-AR),13,23506,10.1.2.132,,,,,,,,,
"Sep 14, 2026 @ 13:23:05.590",SL32,CVE-2026-4723 affects Mozilla Firefox 83.0 (x86 es-AR),13,23506,10.1.2.132,,,,,,,,,
"Sep 14, 2026 @ 13:23:05.426",SL32,CVE-2025-8044 affects Mozilla Firefox 83.0 (x86 es-AR),13,23506,10.1.2.132,,,,,,,,,
"Sep 14, 2026 @ 13:23:05.365",SL32,CVE-2026-74987 affects Mozilla Firefox 83.0 (x86 es-AR),13,23506,10.1.2.132,,,,,,,,,
"Sep 14, 2026 @ 13:23:05.323",SL32,CVE-2026-74990 affects Mozilla Firefox 83.0 (x86 es-AR),13,23506,10.1.2.132,,,,,,,,,
"Sep 14, 2026 @ 13:23:05.261",SL32,CVE-2026-74964 affects Mozilla Firefox 83.0 (x86 es-AR),13,23506,10.1.2.132,,,,,,,,,
"Sep 14, 2026 @ 13:23:05.179",SL32,CVE-2026-84121 affects Mozilla Firefox 83.0 (x86 es-AR),13,23506,10.1.2.132,,,,,,,,,
"Sep 14, 2026 @ 13:23:05.169",SL32,CVE-2026-16388 affects Mozilla Firefox 83.0 (x86 es-AR),13,23506,10.1.2.132,,,,,,,,,
"Sep 14, 2026 @ 13:23:05.117",SL32,CVE-2026-84142 affects Mozilla Firefox 83.0 (x86 es-AR),13,23506,10.1.2.132,,,,,,,,,
"Sep 14, 2026 @ 13:23:05.066",SL32,CVE-2026-84134 affects Mozilla Firefox 83.0 (x86 es-AR),13,23506,10.1.2.132,,,,,,,,,
"Sep 14, 2026 @ 13:23:04.984",SL32,CVE-2026-74944 affects Mozilla Firefox 83.0 (x86 es-AR),13,23506,10.1.2.132,,,,,,,,,
"Sep 14, 2026 @ 13:23:04.881",SL32,CVE-2025-4083 affects Mozilla Firefox 83.0 (x86 es-AR),13,23506,10.1.2.132,,,,,,,,,
"Sep 14, 2026 @ 13:23:04.798",SL32,CVE-2026-84129 affects Mozilla Firefox 83.0 (x86 es-AR),13,23506,10.1.2.132,,,,,,,,,
"Sep 14, 2026 @ 13:23:04.736",SL32,CVE-2023-5731 affects Mozilla Firefox 83.0 (x86 es-AR),13,23506,10.1.2.132,,,,,,,,,
"Sep 14, 2026 @ 13:23:04.613",SL32,CVE-2026-16410 affects Mozilla Firefox 83.0 (x86 es-AR),13,23506,10.1.2.132,,,,,,,,,
"Sep 14, 2026 @ 13:23:04.593",SL32,CVE-2026-84139 affects Mozilla Firefox 83.0 (x86 es-AR),13,23506,10.1.2.132,,,,,,,,,
"Sep 14, 2026 @ 13:23:04.582",SL32,CVE-2026-4710 affects Mozilla Firefox 83.0 (x86 es-AR),13,23506,10.1.2.132,,,,,,,,,
"Sep 14, 2026 @ 13:23:04.552",SL32,CVE-2024-5701 affects Mozilla Firefox 83.0 (x86 es-AR),13,23506,10.1.2.132,,,,,,,,,
"Sep 14, 2026 @ 13:23:04.541",SL32,CVE-2026-74938 affects Mozilla Firefox 83.0 (x86 es-AR),13,23506,10.1.2.132,,,,,,,,,
"Sep 14, 2026 @ 13:23:04.531",SL32,CVE-2022-31737 affects Mozilla Firefox 83.0 (x86 es-AR),13,23506,10.1.2.132,,,,,,,,,
"Sep 14, 2026 @ 13:23:04.521",SL32,CVE-2026-84141 affects Mozilla Firefox 83.0 (x86 es-AR),13,23506,10.1.2.132,,,,,,,,,
"Sep 14, 2026 @ 13:23:04.429",SL32,CVE-2026-74959 affects Mozilla Firefox 83.0 (x86 es-AR),13,23506,10.1.2.132,,,,,,,,,
"Sep 14, 2026 @ 13:23:04.337",SL32,CVE-2026-2788 affects Mozilla Firefox 83.0 (x86 es-AR),13,23506,10.1.2.132,,,,,,,,,
"Sep 14, 2026 @ 13:23:04.306",SL32,CVE-2026-6760 affects Mozilla Firefox 83.0 (x86 es-AR),13,23506,10.1.2.132,,,,,,,,,
"Sep 14, 2026 @ 13:23:04.286",SL32,CVE-2026-74936 affects Mozilla Firefox 83.0 (x86 es-AR),13,23506,10.1.2.132,,,,,,,,,
"Sep 14, 2026 @ 13:23:04.193",SL32,CVE-2026-4725 affects Mozilla Firefox 83.0 (x86 es-AR),13,23506,10.1.2.132,,,,,,,,,
"Sep 14, 2026 @ 13:23:04.101",SL32,CVE-2026-4705 affects Mozilla Firefox 83.0 (x86 es-AR),13,23506,10.1.2.132,,,,,,,,,
"Sep 14, 2026 @ 13:23:04.070",SL32,CVE-2026-84140 affects Mozilla Firefox 83.0 (x86 es-AR),13,23506,10.1.2.132,,,,,,,,,
"Sep 14, 2026 @ 13:23:04.060",SL32,CVE-2026-6768 affects Mozilla Firefox 83.0 (x86 es-AR),13,23506,10.1.2.132,,,,,,,,,
"Sep 14, 2026 @ 13:23:03.978",SL32,CVE-2026-16387 affects Mozilla Firefox 83.0 (x86 es-AR),13,23506,10.1.2.132,,,,,,,,,
"Sep 14, 2026 @ 13:23:03.957",SL32,CVE-2026-84136 affects Mozilla Firefox 83.0 (x86 es-AR),13,23506,10.1.2.132,,,,,,,,,
"Sep 14, 2026 @ 13:23:03.937",SL32,CVE-2026-6771 affects Mozilla Firefox 83.0 (x86 es-AR),13,23506,10.1.2.132,,,,,,,,,
"Sep 14, 2026 @ 13:23:03.927",SL32,CVE-2026-8956 affects Mozilla Firefox 83.0 (x86 es-AR),13,23506,10.1.2.132,,,,,,,,,
"Sep 14, 2026 @ 13:23:03.865",SL32,CVE-2026-84119 affects Mozilla Firefox 83.0 (x86 es-AR),13,23506,10.1.2.132,,,,,,,,,
"Sep 14, 2026 @ 13:23:03.834",SL32,CVE-2026-8959 affects Mozilla Firefox 83.0 (x86 es-AR),13,23506,10.1.2.132,,,,,,,,,
"Sep 14, 2026 @ 13:23:03.701",SL32,CVE-2023-4057 affects Mozilla Firefox 83.0 (x86 es-AR),13,23506,10.1.2.132,,,,,,,,,
"Sep 14, 2026 @ 13:23:03.660",SL32,CVE-2023-5174 affects Mozilla Firefox 83.0 (x86 es-AR),13,23506,10.1.2.132,,,,,,,,,
"Sep 14, 2026 @ 13:23:03.599",SL32,CVE-2026-74961 affects Mozilla Firefox 83.0 (x86 es-AR),13,23506,10.1.2.132,,,,,,,,,
"Sep 14, 2026 @ 13:23:03.537",SL32,CVE-2024-8381 affects Mozilla Firefox 83.0 (x86 es-AR),13,23506,10.1.2.132,,,,,,,,,
"Sep 14, 2026 @ 13:23:03.527",SL32,CVE-2026-16359 affects Mozilla Firefox 83.0 (x86 es-AR),13,23506,10.1.2.132,,,,,,,,,
"Sep 14, 2026 @ 13:23:03.392",SL32,CVE-2023-5175 affects Mozilla Firefox 83.0 (x86 es-AR),13,23506,10.1.2.132,,,,,,,,,
"Sep 14, 2026 @ 13:23:03.351",SL32,CVE-2026-84137 affects Mozilla Firefox 83.0 (x86 es-AR),13,23506,10.1.2.132,,,,,,,,,
"Sep 14, 2026 @ 13:23:03.341",SL32,CVE-2023-4058 affects Mozilla Firefox 83.0 (x86 es-AR),13,23506,10.1.2.132,,,,,,,,,
"Sep 14, 2026 @ 13:23:03.320",SL32,CVE-2026-74985 affects Mozilla Firefox 83.0 (x86 es-AR),13,23506,10.1.2.132,,,,,,,,,
"Sep 14, 2026 @ 13:23:03.310",SL32,CVE-2023-5172 affects Mozilla Firefox 83.0 (x86 es-AR),13,23506,10.1.2.132,,,,,,,,,
"Sep 14, 2026 @ 13:23:03.238",SL32,CVE-2026-16357 affects Mozilla Firefox 83.0 (x86 es-AR),13,23506,10.1.2.132,,,,,,,,,
"Sep 14, 2026 @ 13:23:03.105",SL32,CVE-2023-5168 affects Mozilla Firefox 83.0 (x86 es-AR),13,23506,10.1.2.132,,,,,,,,,
"Sep 14, 2026 @ 13:23:03.022",SL32,CVE-2026-74989 affects Mozilla Firefox 83.0 (x86 es-AR),13,23506,10.1.2.132,,,,,,,,,
"Sep 14, 2026 @ 13:23:03.012",SL32,CVE-2025-11710 affects Mozilla Firefox 83.0 (x86 es-AR),13,23506,10.1.2.132,,,,,,,,,
"Sep 14, 2026 @ 13:23:02.971",SL32,CVE-2025-49710 affects Mozilla Firefox 83.0 (x86 es-AR),13,23506,10.1.2.132,,,,,,,,,
"Sep 14, 2026 @ 13:23:02.899",SL32,CVE-2024-10004 affects Mozilla Firefox 83.0 (x86 es-AR),13,23506,10.1.2.132,,,,,,,,,
"Sep 14, 2026 @ 13:23:02.889",SL32,CVE-2026-2791 affects Mozilla Firefox 83.0 (x86 es-AR),13,23506,10.1.2.132,,,,,,,,,
"Sep 14, 2026 @ 13:23:02.756",SL32,CVE-2022-46882 affects Mozilla Firefox 83.0 (x86 es-AR),13,23506,10.1.2.132,,,,,,,,,
"Sep 14, 2026 @ 13:23:02.746",SL32,CVE-2026-12316 affects Mozilla Firefox 83.0 (x86 es-AR),13,23506,10.1.2.132,,,,,,,,,
"Sep 14, 2026 @ 13:23:02.674",SL32,CVE-2025-9187 affects Mozilla Firefox 83.0 (x86 es-AR),13,23506,10.1.2.132,,,,,,,,,
"Sep 14, 2026 @ 13:23:02.613",SL32,CVE-2026-16369 affects Mozilla Firefox 83.0 (x86 es-AR),13,23506,10.1.2.132,,,,,,,,,
"Sep 14, 2026 @ 13:23:02.592",SL32,CVE-2026-16368 affects Mozilla Firefox 83.0 (x86 es-AR),13,23506,10.1.2.132,,,,,,,,,
"Sep 14, 2026 @ 13:23:02.398",SL32,CVE-2021-38503 affects Mozilla Firefox 83.0 (x86 es-AR),13,23506,10.1.2.132,,,,,,,,,
"Sep 14, 2026 @ 13:23:02.347",SL32,CVE-2026-4702 affects Mozilla Firefox 83.0 (x86 es-AR),13,23506,10.1.2.132,,,,,,,,,
"Sep 14, 2026 @ 13:23:02.337",SL32,CVE-2026-2800 affects Mozilla Firefox 83.0 (x86 es-AR),13,23506,10.1.2.132,,,,,,,,,
"Sep 14, 2026 @ 13:23:02.326",SL32,CVE-2022-45406 affects Mozilla Firefox 83.0 (x86 es-AR),13,23506,10.1.2.132,,,,,,,,,
"Sep 14, 2026 @ 13:23:02.100",SL32,CVE-2026-84133 affects Mozilla Firefox 83.0 (x86 es-AR),13,23506,10.1.2.132,,,,,,,,,
"Sep 14, 2026 @ 13:23:02.080",SL32,CVE-2023-5176 affects Mozilla Firefox 83.0 (x86 es-AR),13,23506,10.1.2.132,,,,,,,,,
"Sep 14, 2026 @ 13:23:02.059",SL32,CVE-2024-9392 affects Mozilla Firefox 83.0 (x86 es-AR),13,23506,10.1.2.132,,,,,,,,,
"Sep 14, 2026 @ 13:23:02.029",SL32,CVE-2023-29542 affects Mozilla Firefox 83.0 (x86 es-AR),13,23506,10.1.2.132,,,,,,,,,
"Sep 14, 2026 @ 13:23:01.814",SL32,CVE-2024-29943 affects Mozilla Firefox 83.0 (x86 es-AR),13,23506,10.1.2.132,,,,,,,,,
"Sep 14, 2026 @ 13:23:01.804",SL32,CVE-2025-11708 affects Mozilla Firefox 83.0 (x86 es-AR),13,23506,10.1.2.132,,,,,,,,,
"Sep 14, 2026 @ 13:23:01.772",SL32,CVE-2024-6602 affects Mozilla Firefox 83.0 (x86 es-AR),13,23506,10.1.2.132,,,,,,,,,
"Sep 14, 2026 @ 13:23:01.659",SL32,CVE-2024-3863 affects Mozilla Firefox 83.0 (x86 es-AR),13,23506,10.1.2.132,,,,,,,,,
"Sep 14, 2026 @ 13:23:01.649",SL32,CVE-2026-16356 affects Mozilla Firefox 83.0 (x86 es-AR),13,23506,10.1.2.132,,,,,,,,,
"Sep 14, 2026 @ 13:23:01.475",SL32,CVE-2026-4716 affects Mozilla Firefox 83.0 (x86 es-AR),13,23506,10.1.2.132,,,,,,,,,
"Sep 14, 2026 @ 13:23:01.413",SL32,CVE-2024-4778 affects Mozilla Firefox 83.0 (x86 es-AR),13,23506,10.1.2.132,,,,,,,,,
"Sep 14, 2026 @ 13:23:01.402",SL32,CVE-2026-16402 affects Mozilla Firefox 83.0 (x86 es-AR),13,23506,10.1.2.132,,,,,,,,,
"Sep 14, 2026 @ 13:23:01.341",SL32,CVE-2025-1016 affects Mozilla Firefox 83.0 (x86 es-AR),13,23506,10.1.2.132,,,,,,,,,
"Sep 14, 2026 @ 13:23:01.331",SL32,CVE-2024-5695 affects Mozilla Firefox 83.0 (x86 es-AR),13,23506,10.1.2.132,,,,,,,,,
"Sep 14, 2026 @ 13:23:01.217",SL32,CVE-2026-0892 affects Mozilla Firefox 83.0 (x86 es-AR),13,23506,10.1.2.132,,,,,,,,,
"Sep 14, 2026 @ 13:23:01.043",SL32,CVE-2026-74940 affects Mozilla Firefox 83.0 (x86 es-AR),13,23506,10.1.2.132,,,,,,,,,
"Sep 14, 2026 @ 13:23:01.033",SL32,CVE-2024-6611 affects Mozilla Firefox 83.0 (x86 es-AR),13,23506,10.1.2.132,,,,,,,,,
"Sep 14, 2026 @ 13:23:01.002",SL32,CVE-2024-4764 affects Mozilla Firefox 83.0 (x86 es-AR),13,23506,10.1.2.132,,,,,,,,,
"Sep 14, 2026 @ 13:23:00.889",SL32,CVE-2025-13021 affects Mozilla Firefox 83.0 (x86 es-AR),13,23506,10.1.2.132,,,,,,,,,
"Sep 14, 2026 @ 13:23:00.797",SL32,CVE-2024-9402 affects Mozilla Firefox 83.0 (x86 es-AR),13,23506,10.1.2.132,,,,,,,,,
"Sep 14, 2026 @ 13:23:00.776",SL32,CVE-2024-9680 affects Mozilla Firefox 83.0 (x86 es-AR),13,23506,10.1.2.132,,,,,,,,,
"Sep 14, 2026 @ 13:23:00.725",SL32,CVE-2026-2784 affects Mozilla Firefox 83.0 (x86 es-AR),13,23506,10.1.2.132,,,,,,,,,
"Sep 14, 2026 @ 13:23:00.663",SL32,CVE-2025-1009 affects Mozilla Firefox 83.0 (x86 es-AR),13,23506,10.1.2.132,,,,,,,,,
"Sep 14, 2026 @ 13:23:00.611",SL32,CVE-2025-1017 affects Mozilla Firefox 83.0 (x86 es-AR),13,23506,10.1.2.132,,,,,,,,,
"Sep 14, 2026 @ 13:23:00.591",SL32,CVE-2025-1020 affects Mozilla Firefox 83.0 (x86 es-AR),13,23506,10.1.2.132,,,,,,,,,
"Sep 14, 2026 @ 13:23:00.509",SL32,CVE-2026-16382 affects Mozilla Firefox 83.0 (x86 es-AR),13,23506,10.1.2.132,,,,,,,,,
"Sep 14, 2026 @ 13:23:00.437",SL32,CVE-2026-74988 affects Mozilla Firefox 83.0 (x86 es-AR),13,23506,10.1.2.132,,,,,,,,,
"Sep 14, 2026 @ 13:23:00.375",SL32,CVE-2026-2779 affects Mozilla Firefox 83.0 (x86 es-AR),13,23506,10.1.2.132,,,,,,,,,
"Sep 14, 2026 @ 13:23:00.293",SL32,CVE-2025-13024 affects Mozilla Firefox 83.0 (x86 es-AR),13,23506,10.1.2.132,,,,,,,,,
"Sep 14, 2026 @ 13:23:00.262",SL32,CVE-2025-14321 affects Mozilla Firefox 83.0 (x86 es-AR),13,23506,10.1.2.132,,,,,,,,,
"Sep 14, 2026 @ 13:23:00.221",SL32,CVE-2025-14324 affects Mozilla Firefox 83.0 (x86 es-AR),13,23506,10.1.2.132,,,,,,,,,
"Sep 14, 2026 @ 13:23:00.200",SL32,CVE-2025-49709 affects Mozilla Firefox 83.0 (x86 es-AR),13,23506,10.1.2.132,,,,,,,,,
"Sep 14, 2026 @ 13:23:00.118",SL32,CVE-2023-34417 affects Mozilla Firefox 83.0 (x86 es-AR),13,23506,10.1.2.132,,,,,,,,,
"Sep 14, 2026 @ 13:23:00.107",SL32,CVE-2025-14326 affects Mozilla Firefox 83.0 (x86 es-AR),13,23506,10.1.2.132,,,,,,,,,
"Sep 14, 2026 @ 13:23:00.097",SL32,CVE-2025-13026 affects Mozilla Firefox 83.0 (x86 es-AR),13,23506,10.1.2.132,,,,,,,,,
"Sep 14, 2026 @ 13:23:00.077",SL32,CVE-2025-14330 affects Mozilla Firefox 83.0 (x86 es-AR),13,23506,10.1.2.132,,,,,,,,,
"Sep 14, 2026 @ 13:23:00.025",SL32,CVE-2025-14860 affects Mozilla Firefox 83.0 (x86 es-AR),13,23506,10.1.2.132,,,,,,,,,
"Sep 14, 2026 @ 13:22:59.984",SL32,CVE-2026-74943 affects Mozilla Firefox 83.0 (x86 es-AR),13,23506,10.1.2.132,,,,,,,,,
"Sep 14, 2026 @ 13:22:59.942",SL32,CVE-2025-11709 affects Mozilla Firefox 83.0 (x86 es-AR),13,23506,10.1.2.132,,,,,,,,,
"Sep 14, 2026 @ 13:22:59.922",SL32,CVE-2026-16375 affects Mozilla Firefox 83.0 (x86 es-AR),13,23506,10.1.2.132,,,,,,,,,
"Sep 14, 2026 @ 13:22:59.891",SL32,CVE-2025-1941 affects Mozilla Firefox 83.0 (x86 es-AR),13,23506,10.1.2.132,,,,,,,,,
"Sep 14, 2026 @ 13:22:59.880",SL32,CVE-2025-1942 affects Mozilla Firefox 83.0 (x86 es-AR),13,23506,10.1.2.132,,,,,,,,,
"Sep 14, 2026 @ 13:22:59.767",SL32,CVE-2025-6433 affects Mozilla Firefox 83.0 (x86 es-AR),13,23506,10.1.2.132,,,,,,,,,
"Sep 14, 2026 @ 13:22:59.746",SL32,CVE-2025-4918 affects Mozilla Firefox 83.0 (x86 es-AR),13,23506,10.1.2.132,,,,,,,,,
"Sep 14, 2026 @ 13:22:59.695",SL32,CVE-2026-16349 affects Mozilla Firefox 83.0 (x86 es-AR),13,23506,10.1.2.132,,,,,,,,,
"Sep 14, 2026 @ 13:22:59.665",SL32,CVE-2026-16412 affects Mozilla Firefox 83.0 (x86 es-AR),13,23506,10.1.2.132,,,,,,,,,
"Sep 14, 2026 @ 13:22:59.644",SL32,CVE-2025-6427 affects Mozilla Firefox 83.0 (x86 es-AR),13,23506,10.1.2.132,,,,,,,,,
"Sep 14, 2026 @ 13:22:59.613",SL32,CVE-2026-16363 affects Mozilla Firefox 83.0 (x86 es-AR),13,23506,10.1.2.132,,,,,,,,,
"Sep 14, 2026 @ 13:22:59.562",SL32,CVE-2025-8028 affects Mozilla Firefox 83.0 (x86 es-AR),13,23506,10.1.2.132,,,,,,,,,
"Sep 14, 2026 @ 13:22:59.531",SL32,CVE-2025-8031 affects Mozilla Firefox 83.0 (x86 es-AR),13,23506,10.1.2.132,,,,,,,,,
"Sep 14, 2026 @ 13:22:59.470",SL32,CVE-2025-8037 affects Mozilla Firefox 83.0 (x86 es-AR),13,23506,10.1.2.132,,,,,,,,,
"Sep 14, 2026 @ 13:22:59.439",SL32,CVE-2025-8038 affects Mozilla Firefox 83.0 (x86 es-AR),13,23506,10.1.2.132,,,,,,,,,
"Sep 14, 2026 @ 13:22:59.419",SL32,CVE-2025-8043 affects Mozilla Firefox 83.0 (x86 es-AR),13,23506,10.1.2.132,,,,,,,,,
"Sep 14, 2026 @ 13:22:59.337",SL32,CVE-2026-0884 affects Mozilla Firefox 83.0 (x86 es-AR),13,23506,10.1.2.132,,,,,,,,,
"Sep 14, 2026 @ 13:22:59.070",SL32,CVE-2026-16380 affects Mozilla Firefox 83.0 (x86 es-AR),13,23506,10.1.2.132,,,,,,,,,
"Sep 14, 2026 @ 13:22:59.008",SL32,CVE-2025-13022 affects Mozilla Firefox 83.0 (x86 es-AR),13,23506,10.1.2.132,,,,,,,,,
"Sep 14, 2026 @ 13:22:58.988",SL32,CVE-2026-16383 affects Mozilla Firefox 83.0 (x86 es-AR),13,23506,10.1.2.132,,,,,,,,,
"Sep 14, 2026 @ 13:22:58.967",SL32,CVE-2023-25736 affects Mozilla Firefox 83.0 (x86 es-AR),13,23506,10.1.2.132,,,,,,,,,
"Sep 14, 2026 @ 13:22:58.947",SL32,CVE-2026-16351 affects Mozilla Firefox 83.0 (x86 es-AR),13,23506,10.1.2.132,,,,,,,,,
"Sep 14, 2026 @ 13:22:58.937",SL32,CVE-2026-16352 affects Mozilla Firefox 83.0 (x86 es-AR),13,23506,10.1.2.132,,,,,,,,,
"Sep 14, 2026 @ 13:22:58.926",SL32,CVE-2026-16353 affects Mozilla Firefox 83.0 (x86 es-AR),13,23506,10.1.2.132,,,,,,,,,
"Sep 14, 2026 @ 13:22:58.905",SL32,CVE-2026-16355 affects Mozilla Firefox 83.0 (x86 es-AR),13,23506,10.1.2.132,,,,,,,,,
"Sep 14, 2026 @ 13:22:58.895",SL32,CVE-2026-16358 affects Mozilla Firefox 83.0 (x86 es-AR),13,23506,10.1.2.132,,,,,,,,,
"Sep 14, 2026 @ 13:22:58.885",SL32,CVE-2026-16360 affects Mozilla Firefox 83.0 (x86 es-AR),13,23506,10.1.2.132,,,,,,,,,
"Sep 14, 2026 @ 13:22:58.875",SL32,CVE-2026-16364 affects Mozilla Firefox 83.0 (x86 es-AR),13,23506,10.1.2.132,,,,,,,,,
"Sep 14, 2026 @ 13:22:58.844",SL32,CVE-2026-16367 affects Mozilla Firefox 83.0 (x86 es-AR),13,23506,10.1.2.132,,,,,,,,,
"Sep 14, 2026 @ 13:22:58.824",SL32,CVE-2026-16370 affects Mozilla Firefox 83.0 (x86 es-AR),13,23506,10.1.2.132,,,,,,,,,
"Sep 14, 2026 @ 13:22:58.793",SL32,CVE-2026-16377 affects Mozilla Firefox 83.0 (x86 es-AR),13,23506,10.1.2.132,,,,,,,,,
"Sep 14, 2026 @ 13:22:58.762",SL32,CVE-2026-3916 affects Google Chrome,13,23506,10.1.2.132,,,,,,,,,
"Sep 14, 2026 @ 13:22:58.535",SL32,CVE-2026-17847 affects Google Chrome,13,23506,10.1.2.132,,,,,,,,,
"Sep 14, 2026 @ 13:22:58.330",SL32,CVE-2026-17804 affects Google Chrome,13,23506,10.1.2.132,,,,,,,,,
"Sep 14, 2026 @ 13:22:58.320",SL32,CVE-2026-17803 affects Google Chrome,13,23506,10.1.2.132,,,,,,,,,
"Sep 14, 2026 @ 13:22:58.299",SL32,CVE-2026-17801 affects Google Chrome,13,23506,10.1.2.132,,,,,,,,,
"Sep 14, 2026 @ 13:22:58.053",SL32,CVE-2026-14044 affects Google Chrome,13,23506,10.1.2.132,,,,,,,,,
"Sep 14, 2026 @ 13:22:58.033",SL32,CVE-2026-17758 affects Google Chrome,13,23506,10.1.2.132,,,,,,,,,
"Sep 14, 2026 @ 13:22:57.940",SL32,CVE-2026-17749 affects Google Chrome,13,23506,10.1.2.132,,,,,,,,,
"Sep 14, 2026 @ 13:22:57.848",SL32,CVE-2026-17718 affects Google Chrome,13,23506,10.1.2.132,,,,,,,,,
"Sep 14, 2026 @ 13:22:57.837",SL32,CVE-2026-17708 affects Google Chrome,13,23506,10.1.2.132,,,,,,,,,
"Sep 14, 2026 @ 13:22:57.734",SL32,CVE-2026-17692 affects Google Chrome,13,23506,10.1.2.132,,,,,,,,,
"Sep 14, 2026 @ 13:22:57.714",SL32,CVE-2026-17688 affects Google Chrome,13,23506,10.1.2.132,,,,,,,,,
"Sep 14, 2026 @ 13:22:57.694",SL32,CVE-2026-17687 affects Google Chrome,13,23506,10.1.2.132,,,,,,,,,
"Sep 14, 2026 @ 13:22:57.683",SL32,CVE-2026-17682 affects Google Chrome,13,23506,10.1.2.132,,,,,,,,,
"Sep 14, 2026 @ 13:22:57.653",SL32,CVE-2026-17675 affects Google Chrome,13,23506,10.1.2.132,,,,,,,,,
"Sep 14, 2026 @ 13:22:57.632",SL32,CVE-2026-17672 affects Google Chrome,13,23506,10.1.2.132,,,,,,,,,
"Sep 14, 2026 @ 13:22:57.622",SL32,CVE-2026-17670 affects Google Chrome,13,23506,10.1.2.132,,,,,,,,,
"Sep 14, 2026 @ 13:22:57.458",SL32,CVE-2026-17656 affects Google Chrome,13,23506,10.1.2.132,,,,,,,,,
"Sep 14, 2026 @ 13:22:57.448",SL32,CVE-2026-17655 affects Google Chrome,13,23506,10.1.2.132,,,,,,,,,
"Sep 14, 2026 @ 13:22:57.325",SL32,CVE-2026-79090 affects Google Chrome,13,23506,10.1.2.132,,,,,,,,,
"Sep 14, 2026 @ 13:22:57.304",SL32,CVE-2026-16416 affects Google Chrome,13,23506,10.1.2.132,,,,,,,,,
"Sep 14, 2026 @ 13:22:57.273",SL32,CVE-2026-15901 affects Google Chrome,13,23506,10.1.2.132,,,,,,,,,
"Sep 14, 2026 @ 13:22:57.253",SL32,CVE-2026-19171 affects Google Chrome,13,23506,10.1.2.132,,,,,,,,,
"Sep 14, 2026 @ 13:22:56.842",SL32,CVE-2026-14423 affects Google Chrome,13,23506,10.1.2.132,,,,,,,,,
"Sep 14, 2026 @ 13:22:56.801",SL32,CVE-2026-14420 affects Google Chrome,13,23506,10.1.2.132,,,,,,,,,
"Sep 14, 2026 @ 13:22:56.770",SL32,CVE-2026-17691 affects Google Chrome,13,23506,10.1.2.132,,,,,,,,,
"Sep 14, 2026 @ 13:22:56.760",SL32,CVE-2026-14416 affects Google Chrome,13,23506,10.1.2.132,,,,,,,,,
"Sep 14, 2026 @ 13:22:56.401",SL32,CVE-2026-14152 affects Google Chrome,13,23506,10.1.2.132,,,,,,,,,
"Sep 14, 2026 @ 13:22:56.246",SL32,CVE-2026-14120 affects Google Chrome,13,23506,10.1.2.132,,,,,,,,,
"Sep 14, 2026 @ 13:22:56.226",SL32,CVE-2026-14390 affects Google Chrome,13,23506,10.1.2.132,,,,,,,,,
"Sep 14, 2026 @ 13:22:56.103",SL32,CVE-2026-79078 affects Google Chrome,13,23506,10.1.2.132,,,,,,,,,
"Sep 14, 2026 @ 13:22:56.062",SL32,CVE-2026-9918 affects Google Chrome,13,23506,10.1.2.132,,,,,,,,,
"Sep 14, 2026 @ 13:22:56.052",SL32,CVE-2026-14105 affects Google Chrome,13,23506,10.1.2.132,,,,,,,,,
"Sep 14, 2026 @ 13:22:55.970",SL32,CVE-2026-14093 affects Google Chrome,13,23506,10.1.2.132,,,,,,,,,
"Sep 14, 2026 @ 13:22:55.857",SL32,CVE-2026-10886 affects Google Chrome,13,23506,10.1.2.132,,,,,,,,,
"Sep 14, 2026 @ 13:22:55.673",SL32,CVE-2026-14017 affects Google Chrome,13,23506,10.1.2.132,,,,,,,,,
"Sep 14, 2026 @ 13:22:55.355",SL32,CVE-2026-7910 affects Google Chrome,13,23506,10.1.2.132,,,,,,,,,
"Sep 14, 2026 @ 13:22:55.335",SL32,CVE-2026-13782 affects Google Chrome,13,23506,10.1.2.132,,,,,,,,,
"Sep 14, 2026 @ 13:22:55.314",SL32,CVE-2026-11088 affects Google Chrome,13,23506,10.1.2.132,,,,,,,,,
"Sep 14, 2026 @ 13:22:55.068",SL32,CVE-2026-17671 affects Google Chrome,13,23506,10.1.2.132,,,,,,,,,
"Sep 14, 2026 @ 13:22:55.017",SL32,CVE-2026-11037 affects Google Chrome,13,23506,10.1.2.132,,,,,,,,,
"Sep 14, 2026 @ 13:22:54.955",SL32,CVE-2026-17738 affects Google Chrome,13,23506,10.1.2.132,,,,,,,,,
"Sep 14, 2026 @ 13:22:54.790",SL32,CVE-2026-5874 affects Google Chrome,13,23506,10.1.2.132,,,,,,,,,
"Sep 14, 2026 @ 13:22:54.586",SL32,CVE-2026-5288 affects Google Chrome,13,23506,10.1.2.132,,,,,,,,,
"Sep 14, 2026 @ 13:22:54.483",SL32,CVE-2026-14425 affects Google Chrome,13,23506,10.1.2.132,,,,,,,,,
"Sep 14, 2026 @ 13:22:54.370",SL32,CVE-2026-11009 affects Google Chrome,13,23506,10.1.2.132,,,,,,,,,
"Sep 14, 2026 @ 13:22:54.237",SL32,CVE-2026-10974 affects Google Chrome,13,23506,10.1.2.132,,,,,,,,,
"Sep 14, 2026 @ 13:22:54.063",SL32,CVE-2026-14043 affects Google Chrome,13,23506,10.1.2.132,,,,,,,,,
"Sep 14, 2026 @ 13:22:54.042",SL32,CVE-2026-13861 affects Google Chrome,13,23506,10.1.2.132,,,,,,,,,
"Sep 14, 2026 @ 13:22:53.765",SL32,CVE-2026-10931 affects Google Chrome,13,23506,10.1.2.132,,,,,,,,,
"Sep 14, 2026 @ 13:22:53.406",SL32,CVE-2026-11293 affects Google Chrome,13,23506,10.1.2.132,,,,,,,,,
"Sep 14, 2026 @ 13:22:53.057",SL32,CVE-2026-13781 affects Google Chrome,13,23506,10.1.2.132,,,,,,,,,
"Sep 14, 2026 @ 13:22:53.047",SL32,CVE-2026-78945 affects Google Chrome,13,23506,10.1.2.132,,,,,,,,,
"Sep 14, 2026 @ 13:22:53.027",SL32,CVE-2026-11066 affects Google Chrome,13,23506,10.1.2.132,,,,,,,,,
"Sep 14, 2026 @ 13:22:52.955",SL32,CVE-2026-5289 affects Google Chrome,13,23506,10.1.2.132,,,,,,,,,
"Sep 14, 2026 @ 13:22:52.832",SL32,CVE-2026-17721 affects Google Chrome,13,23506,10.1.2.132,,,,,,,,,
"Sep 14, 2026 @ 13:22:52.811",SL32,CVE-2026-11094 affects Google Chrome,13,23506,10.1.2.132,,,,,,,,,
"Sep 14, 2026 @ 13:22:52.494",SL32,CVE-2026-10881 affects Google Chrome,13,23506,10.1.2.132,,,,,,,,,
"Sep 14, 2026 @ 13:22:52.443",SL32,CVE-2026-14037 affects Google Chrome,13,23506,10.1.2.132,,,,,,,,,
"Sep 14, 2026 @ 13:22:52.391",SL32,CVE-2026-79232 affects Google Chrome,13,23506,10.1.2.132,,,,,,,,,
"Sep 14, 2026 @ 13:22:52.309",SL32,CVE-2026-11063 affects Google Chrome,13,23506,10.1.2.132,,,,,,,,,
"Sep 14, 2026 @ 13:22:52.206",SL32,CVE-2026-11634 affects Google Chrome,13,23506,10.1.2.132,,,,,,,,,
"Sep 14, 2026 @ 13:22:52.135",SL32,CVE-2026-11638 affects Google Chrome,13,23506,10.1.2.132,,,,,,,,,
"Sep 14, 2026 @ 13:22:51.733",SL32,CVE-2026-17673 affects Google Chrome,13,23506,10.1.2.132,,,,,,,,,
"Sep 14, 2026 @ 13:22:51.508",SL32,CVE-2026-13798 affects Google Chrome,13,23506,10.1.2.132,,,,,,,,,
"Sep 14, 2026 @ 13:22:51.498",SL32,CVE-2025-10890 affects Google Chrome,13,23506,10.1.2.132,,,,,,,,,
"Sep 14, 2026 @ 13:22:51.210",SL32,CVE-2026-11095 affects Google Chrome,13,23506,10.1.2.132,,,,,,,,,
"Sep 14, 2026 @ 13:22:50.975",SL32,CVE-2026-11061 affects Google Chrome,13,23506,10.1.2.132,,,,,,,,,
"Sep 14, 2026 @ 13:22:50.831",SL32,CVE-2026-17666 affects Google Chrome,13,23506,10.1.2.132,,,,,,,,,
"Sep 14, 2026 @ 13:22:50.616",SL32,CVE-2026-17991 affects Google Chrome,13,23506,10.1.2.132,,,,,,,,,
"Sep 14, 2026 @ 13:22:50.451",SL32,CVE-2026-13853 affects Google Chrome,13,23506,10.1.2.132,,,,,,,,,
"Sep 14, 2026 @ 13:22:50.338",SL32,CVE-2026-0906 affects Google Chrome,13,23506,10.1.2.132,,,,,,,,,
"Sep 14, 2026 @ 13:22:50.308",SL32,CVE-2026-12027 affects Google Chrome,13,23506,10.1.2.132,,,,,,,,,
"Sep 14, 2026 @ 13:22:50.287",SL32,CVE-2026-11671 affects Google Chrome,13,23506,10.1.2.132,,,,,,,,,
"Sep 14, 2026 @ 13:22:50.195",SL32,CVE-2026-11021 affects Google Chrome,13,23506,10.1.2.132,,,,,,,,,
"Sep 14, 2026 @ 13:22:50.154",SL32,CVE-2026-79130 affects Google Chrome,13,23506,10.1.2.132,,,,,,,,,
"Sep 14, 2026 @ 13:22:50.041",SL32,CVE-2026-11152 affects Google Chrome,13,23506,10.1.2.132,,,,,,,,,
"Sep 14, 2026 @ 13:22:49.938",SL32,CVE-2026-13797 affects Google Chrome,13,23506,10.1.2.132,,,,,,,,,
"Sep 14, 2026 @ 13:22:49.897",SL32,CVE-2026-11250 affects Google Chrome,13,23506,10.1.2.132,,,,,,,,,
"Sep 14, 2026 @ 13:22:49.876",SL32,CVE-2026-7908 affects Google Chrome,13,23506,10.1.2.132,,,,,,,,,
"Sep 14, 2026 @ 13:22:49.651",SL32,CVE-2026-13869 affects Google Chrome,13,23506,10.1.2.132,,,,,,,,,
"Sep 14, 2026 @ 13:22:49.578",SL32,CVE-2026-0905 affects Google Chrome,13,23506,10.1.2.132,,,,,,,,,
"Sep 14, 2026 @ 13:22:49.527",SL32,CVE-2026-13934 affects Google Chrome,13,23506,10.1.2.132,,,,,,,,,
"Sep 14, 2026 @ 13:22:49.444",SL32,CVE-2026-13920 affects Google Chrome,13,23506,10.1.2.132,,,,,,,,,
"Sep 14, 2026 @ 13:22:49.393",SL32,CVE-2026-17704 affects Google Chrome,13,23506,10.1.2.132,,,,,,,,,
"Sep 14, 2026 @ 13:22:49.229",SL32,CVE-2026-14109 affects Google Chrome,13,23506,10.1.2.132,,,,,,,,,
"Sep 14, 2026 @ 13:22:49.094",SL32,CVE-2026-79131 affects Google Chrome,13,23506,10.1.2.132,,,,,,,,,
"Sep 14, 2026 @ 13:22:49.011",SL32,CVE-2026-79148 affects Google Chrome,13,23506,10.1.2.132,,,,,,,,,
"Sep 14, 2026 @ 13:22:48.867",SL32,CVE-2026-11697 affects Google Chrome,13,23506,10.1.2.132,,,,,,,,,
"Sep 14, 2026 @ 13:22:48.846",SL32,CVE-2026-11198 affects Google Chrome,13,23506,10.1.2.132,,,,,,,,,
"Sep 14, 2026 @ 13:22:48.795",SL32,CVE-2026-13775 affects Google Chrome,13,23506,10.1.2.132,,,,,,,,,
"Sep 14, 2026 @ 13:22:48.609",SL32,CVE-2026-14095 affects Google Chrome,13,23506,10.1.2.132,,,,,,,,,
"Sep 14, 2026 @ 13:22:48.578",SL32,CVE-2026-79200 affects Google Chrome,13,23506,10.1.2.132,,,,,,,,,
"Sep 14, 2026 @ 13:22:48.557",SL32,CVE-2026-17768 affects Google Chrome,13,23506,10.1.2.132,,,,,,,,,
"Sep 14, 2026 @ 13:22:48.526",SL32,CVE-2026-11070 affects Google Chrome,13,23506,10.1.2.132,,,,,,,,,
"Sep 14, 2026 @ 13:22:48.218",SL32,CVE-2026-8511 affects Google Chrome,13,23506,10.1.2.132,,,,,,,,,
"Sep 14, 2026 @ 13:22:47.836",SL32,CVE-2026-79149 affects Google Chrome,13,23506,10.1.2.132,,,,,,,,,
"Sep 14, 2026 @ 13:22:47.763",SL32,CVE-2026-79275 affects Google Chrome,13,23506,10.1.2.132,,,,,,,,,
"Sep 14, 2026 @ 13:22:47.671",SL32,CVE-2026-10983 affects Google Chrome,13,23506,10.1.2.132,,,,,,,,,
"Sep 14, 2026 @ 13:22:47.619",SL32,CVE-2026-79138 affects Google Chrome,13,23506,10.1.2.132,,,,,,,,,
"Sep 14, 2026 @ 13:22:47.425",SL32,CVE-2026-13909 affects Google Chrome,13,23506,10.1.2.132,,,,,,,,,
"Sep 14, 2026 @ 13:22:47.280",SL32,CVE-2026-11207 affects Google Chrome,13,23506,10.1.2.132,,,,,,,,,
"Sep 14, 2026 @ 13:22:47.270",SL32,CVE-2026-9967 affects Google Chrome,13,23506,10.1.2.132,,,,,,,,,
"Sep 14, 2026 @ 13:22:47.209",SL32,CVE-2026-14382 affects Google Chrome,13,23506,10.1.2.132,,,,,,,,,
"Sep 14, 2026 @ 13:22:47.168",SL32,CVE-2026-14113 affects Google Chrome,13,23506,10.1.2.132,,,,,,,,,
"Sep 14, 2026 @ 13:22:47.096",SL32,CVE-2026-5902 affects Google Chrome,13,23506,10.1.2.132,,,,,,,,,
"Sep 14, 2026 @ 13:22:46.611",SL32,CVE-2026-9874 affects Google Chrome,13,23506,10.1.2.132,,,,,,,,,
"Sep 14, 2026 @ 13:22:46.549",SL32,CVE-2026-79189 affects Google Chrome,13,23506,10.1.2.132,,,,,,,,,
"Sep 14, 2026 @ 13:22:46.539",SL32,CVE-2026-13780 affects Google Chrome,13,23506,10.1.2.132,,,,,,,,,
"Sep 14, 2026 @ 13:22:46.405",SL32,CVE-2026-14411 affects Google Chrome,13,23506,10.1.2.132,,,,,,,,,
"Sep 14, 2026 @ 13:22:46.343",SL32,CVE-2026-14398 affects Google Chrome,13,23506,10.1.2.132,,,,,,,,,
"Sep 14, 2026 @ 13:22:46.323",SL32,CVE-2026-17834 affects Google Chrome,13,23506,10.1.2.132,,,,,,,,,
"Sep 14, 2026 @ 13:22:46.312",SL32,CVE-2026-10966 affects Google Chrome,13,23506,10.1.2.132,,,,,,,,,
"Sep 14, 2026 @ 13:22:46.116",SL32,CVE-2026-11052 affects Google Chrome,13,23506,10.1.2.132,,,,,,,,,
"Sep 14, 2026 @ 13:22:45.943",SL32,CVE-2026-84354 affects Google Chrome,13,23506,10.1.2.132,,,,,,,,,
"Sep 14, 2026 @ 13:22:45.798",SL32,CVE-2026-17652 affects Google Chrome,13,23506,10.1.2.132,,,,,,,,,
"Sep 14, 2026 @ 13:22:45.757",SL32,CVE-2026-14056 affects Google Chrome,13,23506,10.1.2.132,,,,,,,,,
"Sep 14, 2026 @ 13:22:45.645",SL32,CVE-2026-6920 affects Google Chrome,13,23506,10.1.2.132,,,,,,,,,
"Sep 14, 2026 @ 13:22:45.583",SL32,CVE-2026-14055 affects Google Chrome,13,23506,10.1.2.132,,,,,,,,,
"Sep 14, 2026 @ 13:22:45.232",SL32,CVE-2026-8580 affects Google Chrome,13,23506,10.1.2.132,,,,,,,,,
"Sep 14, 2026 @ 13:22:44.933",SL32,CVE-2026-84324 affects Google Chrome,13,23506,10.1.2.132,,,,,,,,,
"Sep 14, 2026 @ 13:22:44.891",SL32,CVE-2025-4609 affects Google Chrome,13,23506,10.1.2.132,,,,,,,,,
"Sep 14, 2026 @ 13:22:44.747",SL32,CVE-2026-14417 affects Google Chrome,13,23506,10.1.2.132,,,,,,,,,
"Sep 14, 2026 @ 13:22:44.459",SL32,CVE-2026-13859 affects Google Chrome,13,23506,10.1.2.132,,,,,,,,,
"Sep 14, 2026 @ 13:22:44.408",SL32,CVE-2026-79111 affects Google Chrome,13,23506,10.1.2.132,,,,,,,,,
"Sep 14, 2026 @ 13:22:44.377",SL32,CVE-2026-11651 affects Google Chrome,13,23506,10.1.2.132,,,,,,,,,
"Sep 14, 2026 @ 13:22:44.274",SL32,CVE-2026-13882 affects Google Chrome,13,23506,10.1.2.132,,,,,,,,,
"Sep 14, 2026 @ 13:22:44.263",SL32,CVE-2026-17717 affects Google Chrome,13,23506,10.1.2.132,,,,,,,,,
"Sep 14, 2026 @ 13:22:44.243",SL32,CVE-2026-11146 affects Google Chrome,13,23506,10.1.2.132,,,,,,,,,
"Sep 14, 2026 @ 13:22:44.191",SL32,CVE-2026-79257 affects Google Chrome,13,23506,10.1.2.132,,,,,,,,,
"Sep 14, 2026 @ 13:22:43.625",SL32,CVE-2026-11213 affects Google Chrome,13,23506,10.1.2.132,,,,,,,,,
"Sep 14, 2026 @ 13:22:43.461",SL32,CVE-2026-79290 affects Google Chrome,13,23506,10.1.2.132,,,,,,,,,
"Sep 14, 2026 @ 13:22:43.399",SL32,CVE-2026-5290 affects Google Chrome,13,23506,10.1.2.132,,,,,,,,,
"Sep 14, 2026 @ 13:22:43.296",SL32,CVE-2026-11120 affects Google Chrome,13,23506,10.1.2.132,,,,,,,,,
"Sep 14, 2026 @ 13:22:43.223",SL32,CVE-2026-79052 affects Google Chrome,13,23506,10.1.2.132,,,,,,,,,
"Sep 14, 2026 @ 13:22:43.172",SL32,CVE-2026-78904 affects Google Chrome,13,23506,10.1.2.132,,,,,,,,,
"Sep 14, 2026 @ 13:22:43.162",SL32,CVE-2025-4052 affects Google Chrome,13,23506,10.1.2.132,,,,,,,,,
"Sep 14, 2026 @ 13:22:43.037",SL32,CVE-2026-79043 affects Google Chrome,13,23506,10.1.2.132,,,,,,,,,
"Sep 14, 2026 @ 13:22:43.006",SL32,CVE-2026-11113 affects Google Chrome,13,23506,10.1.2.132,,,,,,,,,
"Sep 14, 2026 @ 13:22:42.872",SL32,CVE-2026-0907 affects Google Chrome,13,23506,10.1.2.132,,,,,,,,,
"Sep 14, 2026 @ 13:22:42.800",SL32,CVE-2026-13789 affects Google Chrome,13,23506,10.1.2.132,,,,,,,,,
"Sep 14, 2026 @ 13:22:42.738",SL32,CVE-2026-11153 affects Google Chrome,13,23506,10.1.2.132,,,,,,,,,
"Sep 14, 2026 @ 13:22:42.717",SL32,CVE-2026-15773 affects Google Chrome,13,23506,10.1.2.132,,,,,,,,,
"Sep 14, 2026 @ 13:22:42.604",SL32,CVE-2026-78939 affects Google Chrome,13,23506,10.1.2.132,,,,,,,,,
"Sep 14, 2026 @ 13:22:42.593",SL32,CVE-2026-17832 affects Google Chrome,13,23506,10.1.2.132,,,,,,,,,
"Sep 14, 2026 @ 13:22:42.552",SL32,CVE-2026-11065 affects Google Chrome,13,23506,10.1.2.132,,,,,,,,,
"Sep 14, 2026 @ 13:22:42.058",SL32,CVE-2026-14392 affects Google Chrome,13,23506,10.1.2.132,,,,,,,,,
"Sep 14, 2026 @ 13:22:41.954",SL32,CVE-2026-14387 affects Google Chrome,13,23506,10.1.2.132,,,,,,,,,
"Sep 14, 2026 @ 13:22:41.882",SL32,CVE-2026-79019 affects Google Chrome,13,23506,10.1.2.132,,,,,,,,,
"Sep 14, 2026 @ 13:22:41.759",SL32,CVE-2026-79026 affects Google Chrome,13,23506,10.1.2.132,,,,,,,,,
"Sep 14, 2026 @ 13:22:41.686",SL32,CVE-2026-11047 affects Google Chrome,13,23506,10.1.2.132,,,,,,,,,
"Sep 14, 2026 @ 13:22:41.635",SL32,CVE-2026-11056 affects Google Chrome,13,23506,10.1.2.132,,,,,,,,,
"Sep 14, 2026 @ 13:22:41.459",SL32,CVE-2026-17848 affects Google Chrome,13,23506,10.1.2.132,,,,,,,,,
"Sep 14, 2026 @ 13:22:41.398",SL32,CVE-2026-17837 affects Google Chrome,13,23506,10.1.2.132,,,,,,,,,
"Sep 14, 2026 @ 13:22:41.315",SL32,CVE-2026-13776 affects Google Chrome,13,23506,10.1.2.132,,,,,,,,,
"Sep 14, 2026 @ 13:22:40.933",SL32,CVE-2026-14405 affects Google Chrome,13,23506,10.1.2.132,,,,,,,,,
"Sep 14, 2026 @ 13:22:40.777",SL32,CVE-2026-78985 affects Google Chrome,13,23506,10.1.2.132,,,,,,,,,
"Sep 14, 2026 @ 13:22:40.613",SL32,CVE-2026-17924 affects Google Chrome,13,23506,10.1.2.132,,,,,,,,,
"Sep 14, 2026 @ 13:22:40.490",SL32,CVE-2026-79188 affects Google Chrome,13,23506,10.1.2.132,,,,,,,,,
"Sep 14, 2026 @ 13:22:40.407",SL32,CVE-2026-17947 affects Google Chrome,13,23506,10.1.2.132,,,,,,,,,
"Sep 14, 2026 @ 13:22:40.201",SL32,CVE-2026-14038 affects Google Chrome,13,23506,10.1.2.132,,,,,,,,,
"Sep 14, 2026 @ 13:22:40.191",SL32,CVE-2026-17990 affects Google Chrome,13,23506,10.1.2.132,,,,,,,,,
"Sep 14, 2026 @ 13:22:40.088",SL32,CVE-2026-18002 affects Google Chrome,13,23506,10.1.2.132,,,,,,,,,
"Sep 14, 2026 @ 13:22:39.737",SL32,CVE-2026-19164 affects Google Chrome,13,23506,10.1.2.132,,,,,,,,,
"Sep 14, 2026 @ 13:22:39.696",SL32,CVE-2026-19166 affects Google Chrome,13,23506,10.1.2.132,,,,,,,,,
"Sep 14, 2026 @ 13:22:39.676",SL32,CVE-2026-19175 affects Google Chrome,13,23506,10.1.2.132,,,,,,,,,
"Sep 14, 2026 @ 13:22:39.397",SL32,CVE-2026-3545 affects Google Chrome,13,23506,10.1.2.132,,,,,,,,,
"Sep 14, 2026 @ 13:22:39.078",SL32,CVE-2026-13883 affects Google Chrome,13,23506,10.1.2.132,,,,,,,,,
"Sep 14, 2026 @ 13:22:38.903",SL32,CVE-2026-13796 affects Google Chrome,13,23506,10.1.2.132,,,,,,,,,
"Sep 14, 2026 @ 13:22:38.491",SL32,CVE-2026-84325 affects Google Chrome,13,23506,10.1.2.132,,,,,,,,,
"Sep 14, 2026 @ 13:22:38.470",SL32,CVE-2026-6296 affects Google Chrome,13,23506,10.1.2.132,,,,,,,,,
"Sep 14, 2026 @ 13:22:38.450",SL32,CVE-2026-17697 affects Google Chrome,13,23506,10.1.2.132,,,,,,,,,
"Sep 14, 2026 @ 13:22:38.326",SL32,CVE-2026-6919 affects Google Chrome,13,23506,10.1.2.132,,,,,,,,,
"Sep 14, 2026 @ 13:22:38.295",SL32,CVE-2026-7333 affects Google Chrome,13,23506,10.1.2.132,,,,,,,,,
"Sep 14, 2026 @ 13:22:38.234",SL32,CVE-2026-12440 affects Google Chrome,13,23506,10.1.2.132,,,,,,,,,
"Sep 14, 2026 @ 13:22:38.213",SL32,CVE-2026-79235 affects Google Chrome,13,23506,10.1.2.132,,,,,,,,,
"Sep 14, 2026 @ 13:22:38.182",SL32,CVE-2026-13901 affects Google Chrome,13,23506,10.1.2.132,,,,,,,,,
"Sep 14, 2026 @ 13:22:37.913",SL32,CVE-2026-78900 affects Google Chrome,13,23506,10.1.2.132,,,,,,,,,
"Sep 14, 2026 @ 13:22:37.841",SL32,CVE-2026-78909 affects Google Chrome,13,23506,10.1.2.132,,,,,,,,,
"Sep 14, 2026 @ 13:22:37.747",SL32,CVE-2026-78948 affects Google Chrome,13,23506,10.1.2.132,,,,,,,,,
"Sep 14, 2026 @ 13:22:37.716",SL32,CVE-2026-78951 affects Google Chrome,13,23506,10.1.2.132,,,,,,,,,
"Sep 14, 2026 @ 13:22:37.706",SL32,CVE-2026-17987 affects Google Chrome,13,23506,10.1.2.132,,,,,,,,,
"Sep 14, 2026 @ 13:22:37.480",SL32,CVE-2026-78989 affects Google Chrome,13,23506,10.1.2.132,,,,,,,,,
"Sep 14, 2026 @ 13:22:37.315",SL32,CVE-2026-79056 affects Google Chrome,13,23506,10.1.2.132,,,,,,,,,
"Sep 14, 2026 @ 13:22:37.232",SL32,CVE-2026-9891 affects Google Chrome,13,23506,10.1.2.132,,,,,,,,,
"Sep 14, 2026 @ 13:22:37.139",SL32,CVE-2026-79047 affects Google Chrome,13,23506,10.1.2.132,,,,,,,,,
"Sep 14, 2026 @ 13:22:37.046",SL32,CVE-2026-79058 affects Google Chrome,13,23506,10.1.2.132,,,,,,,,,
"Sep 14, 2026 @ 13:22:36.807",SL32,CVE-2026-14419 affects Google Chrome,13,23506,10.1.2.132,,,,,,,,,
"Sep 14, 2026 @ 13:22:35.947",SOC02,Executable file dropped in folder commonly used by malware,15,92213,10.1.24.101,,C:\\Program Files\\Android\\Android Studio\\jbr\\bin\\java.exe,,,,,"""File created:
RuleName: DLL
UtcTime: 2026-09-14 17:22:34.715
ProcessGuid: {e1811bd5-0b46-6aa8-e807-000000007100}
ProcessId: 21236
Image: C:\Program Files\Android\Android Studio\jbr\bin\java.exe
TargetFilename: C:\Users\RACUNA~1.MED\AppData\Local\Temp\jna--938597292\jna10724995981885129319.dll
CreationUtcTime: 2026-09-14 17:22:34.715
User: MEDALLA\racuna""",,
"Sep 14, 2026 @ 13:13:44.936",SOC01,Executable file dropped in folder commonly used by malware,15,92213,10.1.24.114,,C:\\WINDOWS\\System32\\WindowsPowerShell\\v1.0\\powershell.exe,,,,,"""File created:
RuleName: -
UtcTime: 2026-09-14 17:13:43.572
ProcessGuid: {dc5fae25-2b47-6aa8-3a90-1a0000008100}
ProcessId: 47480
Image: C:\WINDOWS\System32\WindowsPowerShell\v1.0\powershell.exe
TargetFilename: C:\Users\bortiz\AppData\Local\Temp\__PSScriptPolicyTest_nawzydne.obu.ps1
CreationUtcTime: 2026-09-14 17:13:43.572
User: SOC01\CodexSandboxOffline""",,
"Sep 14, 2026 @ 13:13:26.363",SOC01,Executable file dropped in folder commonly used by malware,15,92213,10.1.24.114,,C:\\WINDOWS\\System32\\WindowsPowerShell\\v1.0\\powershell.exe,,,,,"""File created:
RuleName: -
UtcTime: 2026-09-14 17:13:24.985
ProcessGuid: {dc5fae25-2b34-6aa8-2490-1a0000008100}
ProcessId: 41416
Image: C:\WINDOWS\System32\WindowsPowerShell\v1.0\powershell.exe
TargetFilename: C:\Users\bortiz\AppData\Local\Temp\__PSScriptPolicyTest_wbpuuf31.21x.ps1
CreationUtcTime: 2026-09-14 17:13:24.985
User: SOC01\CodexSandboxOffline""",,
"Sep 14, 2026 @ 13:13:25.320",SOC01,Executable file dropped in folder commonly used by malware,15,92213,10.1.24.114,,C:\\WINDOWS\\System32\\WindowsPowerShell\\v1.0\\powershell.exe,,,,,"""File created:
RuleName: -
UtcTime: 2026-09-14 17:13:23.904
ProcessGuid: {dc5fae25-2b33-6aa8-1b90-1a0000008100}
ProcessId: 23476
Image: C:\WINDOWS\System32\WindowsPowerShell\v1.0\powershell.exe
TargetFilename: C:\Users\bortiz\AppData\Local\Temp\__PSScriptPolicyTest_xktgbmwu.n3s.ps1
CreationUtcTime: 2026-09-14 17:13:23.904
User: SOC01\CodexSandboxOffline""",,
"Sep 14, 2026 @ 13:13:17.815",SOC01,Executable file dropped in folder commonly used by malware,15,92213,10.1.24.114,,C:\\WINDOWS\\System32\\WindowsPowerShell\\v1.0\\powershell.exe,,,,,"""File created:
RuleName: -
UtcTime: 2026-09-14 17:13:16.036
ProcessGuid: {dc5fae25-2b2b-6aa8-1290-1a0000008100}
ProcessId: 45744
Image: C:\WINDOWS\System32\WindowsPowerShell\v1.0\powershell.exe
TargetFilename: C:\Users\bortiz\AppData\Local\Temp\__PSScriptPolicyTest_1nvwhgxy.cz0.ps1
CreationUtcTime: 2026-09-14 17:13:16.036
User: SOC01\CodexSandboxOffline""",,
"Sep 14, 2026 @ 13:13:16.767",SOC01,Executable file dropped in folder commonly used by malware,15,92213,10.1.24.114,,C:\\WINDOWS\\System32\\WindowsPowerShell\\v1.0\\powershell.exe,,,,,"""File created:
RuleName: -
UtcTime: 2026-09-14 17:13:15.062
ProcessGuid: {dc5fae25-2b2a-6aa8-0c90-1a0000008100}
ProcessId: 28384
Image: C:\WINDOWS\System32\WindowsPowerShell\v1.0\powershell.exe
TargetFilename: C:\Users\bortiz\AppData\Local\Temp\__PSScriptPolicyTest_tcu0llg4.jfw.ps1
CreationUtcTime: 2026-09-14 17:13:15.062
User: SOC01\CodexSandboxOffline""",,
"Sep 14, 2026 @ 13:12:50.859",SOC02,Application Compatibility Database launched,12,92058,10.1.24.101,,C:\\Windows\\System32\\sdbinst.exe,,,,,"""Process Create:
RuleName: -
UtcTime: 2026-09-14 17:12:49.533
ProcessGuid: {e1811bd5-2b11-6aa8-bd0c-000000007100}
ProcessId: 17024
Image: C:\Windows\System32\sdbinst.exe
FileVersion: 10.0.26100.9278 (WinBuild.160101.0800)
Description: Application Compatibility Database Installer
Product: Microsoft® Windows® Operating System
Company: Microsoft Corporation
OriginalFileName: sdbinst.exe
CommandLine: C:\WINDOWS\System32\sdbinst.exe -m -bg
CurrentDirectory: C:\WINDOWS\system32\
User: NT AUTHORITY\SYSTEM
LogonGuid: {e1811bd5-d6a1-6aa7-e703-000000000000}
LogonId: 0x3E7
TerminalSessionId: 0
IntegrityLevel: System
Hashes: MD5=238B5B4FB1010D1458D874AF21C32890,SHA256=8F67CBBDB8250CEDA1E5DB21DF87AD870576229B8FD729E80F9092EB578B6915,IMPHASH=1B6EE3C1899EA90A8A3811555E1DA64E
ParentProcessGuid: {e1811bd5-d6ae-6aa7-db00-000000007100}
ParentProcessId: 6984
ParentImage: C:\Windows\System32\svchost.exe
ParentCommandLine: C:\WINDOWS\system32\svchost.exe -k LocalSystemNetworkRestricted -p -s PcaSvc
ParentUser: NT AUTHORITY\SYSTEM""",,
"Sep 14, 2026 @ 13:11:03.547",SOC02,Executable file dropped in folder commonly used by malware,15,92213,10.1.24.101,,C:\\Program Files\\Android\\Android Studio\\jbr\\bin\\java.exe,,,,,"""File created:
RuleName: DLL
UtcTime: 2026-09-14 17:11:02.424
ProcessGuid: {e1811bd5-0b46-6aa8-e807-000000007100}
ProcessId: 21236
Image: C:\Program Files\Android\Android Studio\jbr\bin\java.exe
TargetFilename: C:\Users\RACUNA~1.MED\AppData\Local\Temp\sqlite-3.41.2.2-104d3779-1ff5-42b5-8d6f-26a49be2c576-sqlitejdbc.dll
CreationUtcTime: 2026-09-14 17:11:02.424
User: MEDALLA\racuna""",,
"Sep 14, 2026 @ 13:10:27.257",SOC01,Executable file dropped in folder commonly used by malware,15,92213,10.1.24.114,,C:\\WINDOWS\\system32\\WindowsPowerShell\\v1.0\\powershell.exe,,,,,"""File created:
RuleName: -
UtcTime: 2026-09-14 17:10:25.653
ProcessGuid: {dc5fae25-2a81-6aa8-c08e-1a0000008100}
ProcessId: 53392
Image: C:\WINDOWS\system32\WindowsPowerShell\v1.0\powershell.exe
TargetFilename: C:\Users\bortiz\AppData\Local\Temp\__PSScriptPolicyTest_4h1cqlm2.e3s.ps1
CreationUtcTime: 2026-09-14 17:10:25.653
User: MEDALLA\bortiz""",,
"Sep 14, 2026 @ 13:10:27.242",SOC01,Executable file dropped in folder commonly used by malware,15,92213,10.1.24.114,,C:\\WINDOWS\\system32\\WindowsPowerShell\\v1.0\\powershell.exe,,,,,"""File created:
RuleName: -
UtcTime: 2026-09-14 17:10:25.632
ProcessGuid: {dc5fae25-2a81-6aa8-be8e-1a0000008100}
ProcessId: 49188
Image: C:\WINDOWS\system32\WindowsPowerShell\v1.0\powershell.exe
TargetFilename: C:\Users\bortiz\AppData\Local\Temp\__PSScriptPolicyTest_ipvnpp4q.qqk.ps1
CreationUtcTime: 2026-09-14 17:10:25.632
User: MEDALLA\bortiz""",,
"Sep 14, 2026 @ 13:10:27.167",SOC01,Executable file dropped in folder commonly used by malware,15,92213,10.1.24.114,,C:\\WINDOWS\\system32\\WindowsPowerShell\\v1.0\\powershell.exe,,,,,"""File created:
RuleName: -
UtcTime: 2026-09-14 17:10:25.608
ProcessGuid: {dc5fae25-2a81-6aa8-bd8e-1a0000008100}
ProcessId: 13700
Image: C:\WINDOWS\system32\WindowsPowerShell\v1.0\powershell.exe
TargetFilename: C:\Users\bortiz\AppData\Local\Temp\__PSScriptPolicyTest_tsxs4xps.5bq.ps1
CreationUtcTime: 2026-09-14 17:10:25.608
User: MEDALLA\bortiz""",,
"Sep 14, 2026 @ 13:10:26.879",SOC01,Executable file dropped in folder commonly used by malware,15,92213,10.1.24.114,,C:\\WINDOWS\\system32\\WindowsPowerShell\\v1.0\\powershell.exe,,,,,"""File created:
RuleName: -
UtcTime: 2026-09-14 17:10:25.111
ProcessGuid: {dc5fae25-2a81-6aa8-b58e-1a0000008100}
ProcessId: 51112
Image: C:\WINDOWS\system32\WindowsPowerShell\v1.0\powershell.exe
TargetFilename: C:\Users\bortiz\AppData\Local\Temp\__PSScriptPolicyTest_h1spc2m1.1mh.ps1
CreationUtcTime: 2026-09-14 17:10:25.111
User: MEDALLA\bortiz""",,
"Sep 14, 2026 @ 13:10:26.878",SOC01,Executable file dropped in folder commonly used by malware,15,92213,10.1.24.114,,C:\\WINDOWS\\system32\\WindowsPowerShell\\v1.0\\powershell.exe,,,,,"""File created:
RuleName: -
UtcTime: 2026-09-14 17:10:25.100
ProcessGuid: {dc5fae25-2a80-6aa8-b38e-1a0000008100}
ProcessId: 16144
Image: C:\WINDOWS\system32\WindowsPowerShell\v1.0\powershell.exe
TargetFilename: C:\Users\bortiz\AppData\Local\Temp\__PSScriptPolicyTest_3panqxpj.gcd.ps1
CreationUtcTime: 2026-09-14 17:10:25.100
User: MEDALLA\bortiz""",,
