timestamp,agent.name,rule.description,rule.level,rule.id,agent.ip,data.id,data.win.eventdata.image,data.srcip,GeoLocation.country_name,data.win.eventdata.data,data.win.eventdata.targetUserName,data.win.system.message,full_log,data.url
"Sep 14, 2026 @ 23:10:28.681",SOC01,Application Compatibility Database launched,12,92058,10.1.24.114,,C:\\Windows\\System32\\sdbinst.exe,,,,,"""Process Create:
RuleName: -
UtcTime: 2026-09-15 03:10:27.106
ProcessGuid: {dc5fae25-b723-6aa8-4429-1b0000008100}
ProcessId: 46540
Image: C:\Windows\System32\sdbinst.exe
FileVersion: 10.0.26100.9278 (WinBuild.160101.0800)
Description: Application Compatibility Database Installer
Product: Microsoft® Windows® Operating System
Company: Microsoft Corporation
OriginalFileName: sdbinst.exe
CommandLine: C:\WINDOWS\System32\sdbinst.exe -m -bg
CurrentDirectory: C:\WINDOWS\system32\
User: NT AUTHORITY\SYSTEM
LogonGuid: {dc5fae25-da6d-6aa0-e703-000000000000}
LogonId: 0x3E7
TerminalSessionId: 0
IntegrityLevel: System
Hashes: MD5=238B5B4FB1010D1458D874AF21C32890,SHA256=8F67CBBDB8250CEDA1E5DB21DF87AD870576229B8FD729E80F9092EB578B6915,IMPHASH=1B6EE3C1899EA90A8A3811555E1DA64E
ParentProcessGuid: {dc5fae25-daf7-6aa0-9903-000000008100}
ParentProcessId: 2768
ParentImage: C:\Windows\System32\svchost.exe
ParentCommandLine: C:\WINDOWS\system32\svchost.exe -k LocalSystemNetworkRestricted -p -s PcaSvc
ParentUser: NT AUTHORITY\SYSTEM""",,
"Sep 14, 2026 @ 22:12:52.676",SOC02,Application Compatibility Database launched,12,92058,10.1.24.101,,C:\\Windows\\System32\\sdbinst.exe,,,,,"""Process Create:
RuleName: -
UtcTime: 2026-09-15 02:12:51.499
ProcessGuid: {e1811bd5-a9a3-6aa8-7817-000000007100}
ProcessId: 22740
Image: C:\Windows\System32\sdbinst.exe
FileVersion: 10.0.26100.9278 (WinBuild.160101.0800)
Description: Application Compatibility Database Installer
Product: Microsoft® Windows® Operating System
Company: Microsoft Corporation
OriginalFileName: sdbinst.exe
CommandLine: C:\WINDOWS\System32\sdbinst.exe -m -bg
CurrentDirectory: C:\WINDOWS\system32\
User: NT AUTHORITY\SYSTEM
LogonGuid: {e1811bd5-d6a1-6aa7-e703-000000000000}
LogonId: 0x3E7
TerminalSessionId: 0
IntegrityLevel: System
Hashes: MD5=238B5B4FB1010D1458D874AF21C32890,SHA256=8F67CBBDB8250CEDA1E5DB21DF87AD870576229B8FD729E80F9092EB578B6915,IMPHASH=1B6EE3C1899EA90A8A3811555E1DA64E
ParentProcessGuid: {e1811bd5-d6ae-6aa7-db00-000000007100}
ParentProcessId: 6984
ParentImage: C:\Windows\System32\svchost.exe
ParentCommandLine: C:\WINDOWS\system32\svchost.exe -k LocalSystemNetworkRestricted -p -s PcaSvc
ParentUser: NT AUTHORITY\SYSTEM""",,
"Sep 14, 2026 @ 22:10:28.497",SOC01,Application Compatibility Database launched,12,92058,10.1.24.114,,C:\\Windows\\System32\\sdbinst.exe,,,,,"""Process Create:
RuleName: -
UtcTime: 2026-09-15 02:10:26.680
ProcessGuid: {dc5fae25-a912-6aa8-ae1e-1b0000008100}
ProcessId: 49132
Image: C:\Windows\System32\sdbinst.exe
FileVersion: 10.0.26100.9278 (WinBuild.160101.0800)
Description: Application Compatibility Database Installer
Product: Microsoft® Windows® Operating System
Company: Microsoft Corporation
OriginalFileName: sdbinst.exe
CommandLine: C:\WINDOWS\System32\sdbinst.exe -m -bg
CurrentDirectory: C:\WINDOWS\system32\
User: NT AUTHORITY\SYSTEM
LogonGuid: {dc5fae25-da6d-6aa0-e703-000000000000}
LogonId: 0x3E7
TerminalSessionId: 0
IntegrityLevel: System
Hashes: MD5=238B5B4FB1010D1458D874AF21C32890,SHA256=8F67CBBDB8250CEDA1E5DB21DF87AD870576229B8FD729E80F9092EB578B6915,IMPHASH=1B6EE3C1899EA90A8A3811555E1DA64E
ParentProcessGuid: {dc5fae25-daf7-6aa0-9903-000000008100}
ParentProcessId: 2768
ParentImage: C:\Windows\System32\svchost.exe
ParentCommandLine: C:\WINDOWS\system32\svchost.exe -k LocalSystemNetworkRestricted -p -s PcaSvc
ParentUser: NT AUTHORITY\SYSTEM""",,
"Sep 14, 2026 @ 21:12:52.447",SOC02,Application Compatibility Database launched,12,92058,10.1.24.101,,C:\\Windows\\System32\\sdbinst.exe,,,,,"""Process Create:
RuleName: -
UtcTime: 2026-09-15 01:12:51.295
ProcessGuid: {e1811bd5-9b93-6aa8-af16-000000007100}
ProcessId: 19332
Image: C:\Windows\System32\sdbinst.exe
FileVersion: 10.0.26100.9278 (WinBuild.160101.0800)
Description: Application Compatibility Database Installer
Product: Microsoft® Windows® Operating System
Company: Microsoft Corporation
OriginalFileName: sdbinst.exe
CommandLine: C:\WINDOWS\System32\sdbinst.exe -m -bg
CurrentDirectory: C:\WINDOWS\system32\
User: NT AUTHORITY\SYSTEM
LogonGuid: {e1811bd5-d6a1-6aa7-e703-000000000000}
LogonId: 0x3E7
TerminalSessionId: 0
IntegrityLevel: System
Hashes: MD5=238B5B4FB1010D1458D874AF21C32890,SHA256=8F67CBBDB8250CEDA1E5DB21DF87AD870576229B8FD729E80F9092EB578B6915,IMPHASH=1B6EE3C1899EA90A8A3811555E1DA64E
ParentProcessGuid: {e1811bd5-d6ae-6aa7-db00-000000007100}
ParentProcessId: 6984
ParentImage: C:\Windows\System32\svchost.exe
ParentCommandLine: C:\WINDOWS\system32\svchost.exe -k LocalSystemNetworkRestricted -p -s PcaSvc
ParentUser: NT AUTHORITY\SYSTEM""",,
"Sep 14, 2026 @ 21:10:27.937",SOC01,Application Compatibility Database launched,12,92058,10.1.24.114,,C:\\Windows\\System32\\sdbinst.exe,,,,,"""Process Create:
RuleName: -
UtcTime: 2026-09-15 01:10:26.390
ProcessGuid: {dc5fae25-9b02-6aa8-e208-1b0000008100}
ProcessId: 34684
Image: C:\Windows\System32\sdbinst.exe
FileVersion: 10.0.26100.9278 (WinBuild.160101.0800)
Description: Application Compatibility Database Installer
Product: Microsoft® Windows® Operating System
Company: Microsoft Corporation
OriginalFileName: sdbinst.exe
CommandLine: C:\WINDOWS\System32\sdbinst.exe -m -bg
CurrentDirectory: C:\WINDOWS\system32\
User: NT AUTHORITY\SYSTEM
LogonGuid: {dc5fae25-da6d-6aa0-e703-000000000000}
LogonId: 0x3E7
TerminalSessionId: 0
IntegrityLevel: System
Hashes: MD5=238B5B4FB1010D1458D874AF21C32890,SHA256=8F67CBBDB8250CEDA1E5DB21DF87AD870576229B8FD729E80F9092EB578B6915,IMPHASH=1B6EE3C1899EA90A8A3811555E1DA64E
ParentProcessGuid: {dc5fae25-daf7-6aa0-9903-000000008100}
ParentProcessId: 2768
ParentImage: C:\Windows\System32\svchost.exe
ParentCommandLine: C:\WINDOWS\system32\svchost.exe -k LocalSystemNetworkRestricted -p -s PcaSvc
ParentUser: NT AUTHORITY\SYSTEM""",,
"Sep 14, 2026 @ 20:12:52.308",SOC02,Application Compatibility Database launched,12,92058,10.1.24.101,,C:\\Windows\\System32\\sdbinst.exe,,,,,"""Process Create:
RuleName: -
UtcTime: 2026-09-15 00:12:51.193
ProcessGuid: {e1811bd5-8d83-6aa8-8415-000000007100}
ProcessId: 24172
Image: C:\Windows\System32\sdbinst.exe
FileVersion: 10.0.26100.9278 (WinBuild.160101.0800)
Description: Application Compatibility Database Installer
Product: Microsoft® Windows® Operating System
Company: Microsoft Corporation
OriginalFileName: sdbinst.exe
CommandLine: C:\WINDOWS\System32\sdbinst.exe -m -bg
CurrentDirectory: C:\WINDOWS\system32\
User: NT AUTHORITY\SYSTEM
LogonGuid: {e1811bd5-d6a1-6aa7-e703-000000000000}
LogonId: 0x3E7
TerminalSessionId: 0
IntegrityLevel: System
Hashes: MD5=238B5B4FB1010D1458D874AF21C32890,SHA256=8F67CBBDB8250CEDA1E5DB21DF87AD870576229B8FD729E80F9092EB578B6915,IMPHASH=1B6EE3C1899EA90A8A3811555E1DA64E
ParentProcessGuid: {e1811bd5-d6ae-6aa7-db00-000000007100}
ParentProcessId: 6984
ParentImage: C:\Windows\System32\svchost.exe
ParentCommandLine: C:\WINDOWS\system32\svchost.exe -k LocalSystemNetworkRestricted -p -s PcaSvc
ParentUser: NT AUTHORITY\SYSTEM""",,
"Sep 14, 2026 @ 20:10:27.847",SOC01,Application Compatibility Database launched,12,92058,10.1.24.114,,C:\\Windows\\System32\\sdbinst.exe,,,,,"""Process Create:
RuleName: -
UtcTime: 2026-09-15 00:10:26.185
ProcessGuid: {dc5fae25-8cf2-6aa8-5cf1-1a0000008100}
ProcessId: 47892
Image: C:\Windows\System32\sdbinst.exe
FileVersion: 10.0.26100.9278 (WinBuild.160101.0800)
Description: Application Compatibility Database Installer
Product: Microsoft® Windows® Operating System
Company: Microsoft Corporation
OriginalFileName: sdbinst.exe
CommandLine: C:\WINDOWS\System32\sdbinst.exe -m -bg
CurrentDirectory: C:\WINDOWS\system32\
User: NT AUTHORITY\SYSTEM
LogonGuid: {dc5fae25-da6d-6aa0-e703-000000000000}
LogonId: 0x3E7
TerminalSessionId: 0
IntegrityLevel: System
Hashes: MD5=238B5B4FB1010D1458D874AF21C32890,SHA256=8F67CBBDB8250CEDA1E5DB21DF87AD870576229B8FD729E80F9092EB578B6915,IMPHASH=1B6EE3C1899EA90A8A3811555E1DA64E
ParentProcessGuid: {dc5fae25-daf7-6aa0-9903-000000008100}
ParentProcessId: 2768
ParentImage: C:\Windows\System32\svchost.exe
ParentCommandLine: C:\WINDOWS\system32\svchost.exe -k LocalSystemNetworkRestricted -p -s PcaSvc
ParentUser: NT AUTHORITY\SYSTEM""",,
"Sep 14, 2026 @ 19:12:52.303",SOC02,Application Compatibility Database launched,12,92058,10.1.24.101,,C:\\Windows\\System32\\sdbinst.exe,,,,,"""Process Create:
RuleName: -
UtcTime: 2026-09-14 23:12:51.071
ProcessGuid: {e1811bd5-7f73-6aa8-b914-000000007100}
ProcessId: 9544
Image: C:\Windows\System32\sdbinst.exe
FileVersion: 10.0.26100.9278 (WinBuild.160101.0800)
Description: Application Compatibility Database Installer
Product: Microsoft® Windows® Operating System
Company: Microsoft Corporation
OriginalFileName: sdbinst.exe
CommandLine: C:\WINDOWS\System32\sdbinst.exe -m -bg
CurrentDirectory: C:\WINDOWS\system32\
User: NT AUTHORITY\SYSTEM
LogonGuid: {e1811bd5-d6a1-6aa7-e703-000000000000}
LogonId: 0x3E7
TerminalSessionId: 0
IntegrityLevel: System
Hashes: MD5=238B5B4FB1010D1458D874AF21C32890,SHA256=8F67CBBDB8250CEDA1E5DB21DF87AD870576229B8FD729E80F9092EB578B6915,IMPHASH=1B6EE3C1899EA90A8A3811555E1DA64E
ParentProcessGuid: {e1811bd5-d6ae-6aa7-db00-000000007100}
ParentProcessId: 6984
ParentImage: C:\Windows\System32\svchost.exe
ParentCommandLine: C:\WINDOWS\system32\svchost.exe -k LocalSystemNetworkRestricted -p -s PcaSvc
ParentUser: NT AUTHORITY\SYSTEM""",,
"Sep 14, 2026 @ 19:10:55.532",MP20,CVE-2026-11153 affects Google Chrome,13,23506,10.1.14.120,,,,,,,,,
"Sep 14, 2026 @ 19:10:55.501",MP20,CVE-2026-11152 affects Google Chrome,13,23506,10.1.14.120,,,,,,,,,
"Sep 14, 2026 @ 19:10:55.388",MP20,CVE-2026-11009 affects Google Chrome,13,23506,10.1.14.120,,,,,,,,,
"Sep 14, 2026 @ 19:10:55.356",MP20,CVE-2026-17666 affects Google Chrome,13,23506,10.1.14.120,,,,,,,,,
"Sep 14, 2026 @ 19:10:55.326",MP20,CVE-2026-10983 affects Google Chrome,13,23506,10.1.14.120,,,,,,,,,
"Sep 14, 2026 @ 19:10:54.821",MP20,CVE-2026-13909 affects Google Chrome,13,23506,10.1.14.120,,,,,,,,,
"Sep 14, 2026 @ 19:10:54.770",MP20,CVE-2026-17682 affects Google Chrome,13,23506,10.1.14.120,,,,,,,,,
"Sep 14, 2026 @ 19:10:54.635",MP20,CVE-2026-17687 affects Google Chrome,13,23506,10.1.14.120,,,,,,,,,
"Sep 14, 2026 @ 19:10:54.366",MP20,CVE-2026-11063 affects Google Chrome,13,23506,10.1.14.120,,,,,,,,,
"Sep 14, 2026 @ 19:10:54.253",MP20,CVE-2026-17656 affects Google Chrome,13,23506,10.1.14.120,,,,,,,,,
"Sep 14, 2026 @ 19:10:54.037",MP20,CVE-2026-14420 affects Google Chrome,13,23506,10.1.14.120,,,,,,,,,
"Sep 14, 2026 @ 19:10:53.976",MP20,CVE-2026-10931 affects Google Chrome,13,23506,10.1.14.120,,,,,,,,,
"Sep 14, 2026 @ 19:10:53.893",MP20,CVE-2026-7333 affects Google Chrome,13,23506,10.1.14.120,,,,,,,,,
"Sep 14, 2026 @ 19:10:53.739",MP20,CVE-2024-1284 affects Google Chrome,13,23506,10.1.14.120,,,,,,,,,
"Sep 14, 2026 @ 19:10:53.636",MP20,CVE-2026-14113 affects Google Chrome,13,23506,10.1.14.120,,,,,,,,,
"Sep 14, 2026 @ 19:10:53.441",MP20,CVE-2026-17652 affects Google Chrome,13,23506,10.1.14.120,,,,,,,,,
"Sep 14, 2026 @ 19:10:53.194",MP20,CVE-2026-17673 affects Google Chrome,13,23506,10.1.14.120,,,,,,,,,
"Sep 14, 2026 @ 19:10:53.183",MP20,CVE-2024-4671 affects Google Chrome,13,23506,10.1.14.120,,,,,,,,,
"Sep 14, 2026 @ 19:10:53.163",MP20,CVE-2024-7024 affects Google Chrome,13,23506,10.1.14.120,,,,,,,,,
"Sep 14, 2026 @ 19:10:53.061",MP20,CVE-2026-11095 affects Google Chrome,13,23506,10.1.14.120,,,,,,,,,
"Sep 14, 2026 @ 19:10:52.918",MP20,CVE-2026-79200 affects Google Chrome,13,23506,10.1.14.120,,,,,,,,,
"Sep 14, 2026 @ 19:10:52.805",MP20,CVE-2024-3845 affects Google Chrome,13,23506,10.1.14.120,,,,,,,,,
"Sep 14, 2026 @ 19:10:52.309",MP20,CVE-2026-11120 affects Google Chrome,13,23506,10.1.14.120,,,,,,,,,
"Sep 14, 2026 @ 19:10:52.196",MP20,CVE-2026-19164 affects Google Chrome,13,23506,10.1.14.120,,,,,,,,,
"Sep 14, 2026 @ 19:10:51.732",MP20,CVE-2026-11037 affects Google Chrome,13,23506,10.1.14.120,,,,,,,,,
"Sep 14, 2026 @ 19:10:51.495",MP20,CVE-2026-79130 affects Google Chrome,13,23506,10.1.14.120,,,,,,,,,
"Sep 14, 2026 @ 19:10:50.967",MP20,CVE-2026-3545 affects Google Chrome,13,23506,10.1.14.120,,,,,,,,,
"Sep 14, 2026 @ 19:10:50.957",MP20,CVE-2026-17717 affects Google Chrome,13,23506,10.1.14.120,,,,,,,,,
"Sep 14, 2026 @ 19:10:50.947",MP20,CVE-2026-13882 affects Google Chrome,13,23506,10.1.14.120,,,,,,,,,
"Sep 14, 2026 @ 19:10:50.812",MP20,CVE-2026-11113 affects Google Chrome,13,23506,10.1.14.120,,,,,,,,,
"Sep 14, 2026 @ 19:10:50.739",MP20,CVE-2026-17768 affects Google Chrome,13,23506,10.1.14.120,,,,,,,,,
"Sep 14, 2026 @ 19:10:50.318",MP20,CVE-2026-13901 affects Google Chrome,13,23506,10.1.14.120,,,,,,,,,
"Sep 14, 2026 @ 19:10:50.225",MP20,CVE-2026-17675 affects Google Chrome,13,23506,10.1.14.120,,,,,,,,,
"Sep 14, 2026 @ 19:10:49.958",MP20,CVE-2026-17655 affects Google Chrome,13,23506,10.1.14.120,,,,,,,,,
"Sep 14, 2026 @ 19:10:49.647",MP20,CVE-2026-11634 affects Google Chrome,13,23506,10.1.14.120,,,,,,,,,
"Sep 14, 2026 @ 19:10:49.492",MP20,CVE-2026-14382 affects Google Chrome,13,23506,10.1.14.120,,,,,,,,,
"Sep 14, 2026 @ 19:10:49.409",MP20,CVE-2024-0808 affects Google Chrome,13,23506,10.1.14.120,,,,,,,,,
"Sep 14, 2026 @ 19:10:49.296",MP20,CVE-2024-4947 affects Google Chrome,13,23506,10.1.14.120,,,,,,,,,
"Sep 14, 2026 @ 19:10:49.234",MP20,CVE-2025-10890 affects Google Chrome,13,23506,10.1.14.120,,,,,,,,,
"Sep 14, 2026 @ 19:10:48.841",MP20,CVE-2026-10974 affects Google Chrome,13,23506,10.1.14.120,,,,,,,,,
"Sep 14, 2026 @ 19:10:48.820",MP20,CVE-2025-4609 affects Google Chrome,13,23506,10.1.14.120,,,,,,,,,
"Sep 14, 2026 @ 19:10:48.615",MP20,CVE-2026-79058 affects Google Chrome,13,23506,10.1.14.120,,,,,,,,,
"Sep 14, 2026 @ 19:10:48.563",MP20,CVE-2026-17758 affects Google Chrome,13,23506,10.1.14.120,,,,,,,,,
"Sep 14, 2026 @ 19:10:48.532",MP20,CVE-2026-14152 affects Google Chrome,13,23506,10.1.14.120,,,,,,,,,
"Sep 14, 2026 @ 19:10:48.480",MP20,CVE-2026-78985 affects Google Chrome,13,23506,10.1.14.120,,,,,,,,,
"Sep 14, 2026 @ 19:10:48.202",MP20,CVE-2026-11088 affects Google Chrome,13,23506,10.1.14.120,,,,,,,,,
"Sep 14, 2026 @ 19:10:47.945",MP20,CVE-2024-3847 affects Google Chrome,13,23506,10.1.14.120,,,,,,,,,
"Sep 14, 2026 @ 19:10:47.935",MP20,CVE-2026-0906 affects Google Chrome,13,23506,10.1.14.120,,,,,,,,,
"Sep 14, 2026 @ 19:10:47.914",MP20,CVE-2026-17991 affects Google Chrome,13,23506,10.1.14.120,,,,,,,,,
"Sep 14, 2026 @ 19:10:47.832",MP20,CVE-2026-6296 affects Google Chrome,13,23506,10.1.14.120,,,,,,,,,
"Sep 14, 2026 @ 19:10:47.822",MP20,CVE-2026-84325 affects Google Chrome,13,23506,10.1.14.120,,,,,,,,,
"Sep 14, 2026 @ 19:10:47.388",MP20,CVE-2026-79235 affects Google Chrome,13,23506,10.1.14.120,,,,,,,,,
"Sep 14, 2026 @ 19:10:47.368",MP20,CVE-2026-11094 affects Google Chrome,13,23506,10.1.14.120,,,,,,,,,
"Sep 14, 2026 @ 19:10:47.129",MP20,CVE-2026-14120 affects Google Chrome,13,23506,10.1.14.120,,,,,,,,,
"Sep 14, 2026 @ 19:10:47.078",MP20,CVE-2026-78904 affects Google Chrome,13,23506,10.1.14.120,,,,,,,,,
"Sep 14, 2026 @ 19:10:47.057",MP20,CVE-2026-7908 affects Google Chrome,13,23506,10.1.14.120,,,,,,,,,
"Sep 14, 2026 @ 19:10:46.954",MP20,CVE-2026-11065 affects Google Chrome,13,23506,10.1.14.120,,,,,,,,,
"Sep 14, 2026 @ 19:10:46.769",MP20,CVE-2026-78989 affects Google Chrome,13,23506,10.1.14.120,,,,,,,,,
"Sep 14, 2026 @ 19:10:46.460",MP20,CVE-2026-79043 affects Google Chrome,13,23506,10.1.14.120,,,,,,,,,
"Sep 14, 2026 @ 19:10:46.439",MP20,CVE-2026-11066 affects Google Chrome,13,23506,10.1.14.120,,,,,,,,,
"Sep 14, 2026 @ 19:10:46.419",MP20,CVE-2026-9891 affects Google Chrome,13,23506,10.1.14.120,,,,,,,,,
"Sep 14, 2026 @ 19:10:46.398",MP20,CVE-2026-79047 affects Google Chrome,13,23506,10.1.14.120,,,,,,,,,
"Sep 14, 2026 @ 19:10:46.388",MP20,CVE-2026-79149 affects Google Chrome,13,23506,10.1.14.120,,,,,,,,,
"Sep 14, 2026 @ 19:10:46.294",MP20,CVE-2026-84354 affects Google Chrome,13,23506,10.1.14.120,,,,,,,,,
"Sep 14, 2026 @ 19:10:46.076",MP20,CVE-2026-79019 affects Google Chrome,13,23506,10.1.14.120,,,,,,,,,
"Sep 14, 2026 @ 19:10:45.994",MP20,CVE-2026-7910 affects Google Chrome,13,23506,10.1.14.120,,,,,,,,,
"Sep 14, 2026 @ 19:10:45.962",MP20,CVE-2026-79138 affects Google Chrome,13,23506,10.1.14.120,,,,,,,,,
"Sep 14, 2026 @ 19:10:45.528",MP20,CVE-2026-8511 affects Google Chrome,13,23506,10.1.14.120,,,,,,,,,
"Sep 14, 2026 @ 19:10:45.291",MP20,CVE-2026-79257 affects Google Chrome,13,23506,10.1.14.120,,,,,,,,,
"Sep 14, 2026 @ 19:10:45.261",MP20,CVE-2026-3916 affects Google Chrome,13,23506,10.1.14.120,,,,,,,,,
"Sep 14, 2026 @ 19:10:45.199",MP20,CVE-2026-79052 affects Google Chrome,13,23506,10.1.14.120,,,,,,,,,
"Sep 14, 2026 @ 19:10:45.065",MP20,CVE-2026-11070 affects Google Chrome,13,23506,10.1.14.120,,,,,,,,,
"Sep 14, 2026 @ 19:10:45.004",MP20,CVE-2026-5289 affects Google Chrome,13,23506,10.1.14.120,,,,,,,,,
"Sep 14, 2026 @ 19:10:44.747",MP20,CVE-2026-79275 affects Google Chrome,13,23506,10.1.14.120,,,,,,,,,
"Sep 14, 2026 @ 19:10:44.613",MP20,CVE-2026-78900 affects Google Chrome,13,23506,10.1.14.120,,,,,,,,,
"Sep 14, 2026 @ 19:10:44.489",MP20,CVE-2024-1676 affects Google Chrome,13,23506,10.1.14.120,,,,,,,,,
"Sep 14, 2026 @ 19:10:44.356",MP20,CVE-2026-79131 affects Google Chrome,13,23506,10.1.14.120,,,,,,,,,
"Sep 14, 2026 @ 19:10:44.346",MP20,CVE-2025-4052 affects Google Chrome,13,23506,10.1.14.120,,,,,,,,,
"Sep 14, 2026 @ 19:10:44.223",MP20,CVE-2026-78951 affects Google Chrome,13,23506,10.1.14.120,,,,,,,,,
"Sep 14, 2026 @ 19:10:44.048",MP20,CVE-2026-9967 affects Google Chrome,13,23506,10.1.14.120,,,,,,,,,
"Sep 14, 2026 @ 19:10:43.904",MP20,CVE-2026-14095 affects Google Chrome,13,23506,10.1.14.120,,,,,,,,,
"Sep 14, 2026 @ 19:10:43.697",MP20,CVE-2026-17848 affects Google Chrome,13,23506,10.1.14.120,,,,,,,,,
"Sep 14, 2026 @ 19:10:43.513",MP20,CVE-2026-79056 affects Google Chrome,13,23506,10.1.14.120,,,,,,,,,
"Sep 14, 2026 @ 19:10:43.431",MP20,CVE-2026-79189 affects Google Chrome,13,23506,10.1.14.120,,,,,,,,,
"Sep 14, 2026 @ 19:10:43.358",MP20,CVE-2026-17691 affects Google Chrome,13,23506,10.1.14.120,,,,,,,,,
"Sep 14, 2026 @ 19:10:43.348",MP20,CVE-2026-14416 affects Google Chrome,13,23506,10.1.14.120,,,,,,,,,
"Sep 14, 2026 @ 19:10:43.246",MP20,CVE-2026-11021 affects Google Chrome,13,23506,10.1.14.120,,,,,,,,,
"Sep 14, 2026 @ 19:10:43.123",MP20,CVE-2026-79111 affects Google Chrome,13,23506,10.1.14.120,,,,,,,,,
"Sep 14, 2026 @ 19:10:42.907",MP20,CVE-2026-6920 affects Google Chrome,13,23506,10.1.14.120,,,,,,,,,
"Sep 14, 2026 @ 19:10:42.856",MP20,CVE-2026-13776 affects Google Chrome,13,23506,10.1.14.120,,,,,,,,,
"Sep 14, 2026 @ 19:10:42.692",MP20,CVE-2026-17721 affects Google Chrome,13,23506,10.1.14.120,,,,,,,,,
"Sep 14, 2026 @ 19:10:42.641",MP20,CVE-2026-8580 affects Google Chrome,13,23506,10.1.14.120,,,,,,,,,
"Sep 14, 2026 @ 19:10:42.517",MP20,CVE-2026-6919 affects Google Chrome,13,23506,10.1.14.120,,,,,,,,,
"Sep 14, 2026 @ 19:10:42.435",MP20,CVE-2026-17832 affects Google Chrome,13,23506,10.1.14.120,,,,,,,,,
"Sep 14, 2026 @ 19:10:42.097",MP20,CVE-2026-79090 affects Google Chrome,13,23506,10.1.14.120,,,,,,,,,
"Sep 14, 2026 @ 19:10:41.645",MP20,CVE-2023-6345 affects Google Chrome,13,23506,10.1.14.120,,,,,,,,,
"Sep 14, 2026 @ 19:10:41.583",MP20,CVE-2026-79026 affects Google Chrome,13,23506,10.1.14.120,,,,,,,,,
"Sep 14, 2026 @ 19:10:41.141",MP20,CVE-2026-5874 affects Google Chrome,13,23506,10.1.14.120,,,,,,,,,
"Sep 14, 2026 @ 19:10:41.027",MP20,CVE-2023-2136 affects Google Chrome,13,23506,10.1.14.120,,,,,,,,,
"Sep 14, 2026 @ 19:10:40.955",MP20,CVE-2026-5288 affects Google Chrome,13,23506,10.1.14.120,,,,,,,,,
"Sep 14, 2026 @ 19:10:40.883",MP20,CVE-2026-79290 affects Google Chrome,13,23506,10.1.14.120,,,,,,,,,
"Sep 14, 2026 @ 19:10:40.811",MP20,CVE-2026-78945 affects Google Chrome,13,23506,10.1.14.120,,,,,,,,,
"Sep 14, 2026 @ 19:10:40.647",MP20,CVE-2026-79148 affects Google Chrome,13,23506,10.1.14.120,,,,,,,,,
"Sep 14, 2026 @ 19:10:40.617",MP20,CVE-2026-13798 affects Google Chrome,13,23506,10.1.14.120,,,,,,,,,
"Sep 14, 2026 @ 19:10:40.484",MP20,CVE-2026-14392 affects Google Chrome,13,23506,10.1.14.120,,,,,,,,,
"Sep 14, 2026 @ 19:10:40.268",MP20,CVE-2026-14037 affects Google Chrome,13,23506,10.1.14.120,,,,,,,,,
"Sep 14, 2026 @ 19:10:40.186",MP20,CVE-2026-14398 affects Google Chrome,13,23506,10.1.14.120,,,,,,,,,
"Sep 14, 2026 @ 19:10:40.176",MP20,CVE-2026-17834 affects Google Chrome,13,23506,10.1.14.120,,,,,,,,,
"Sep 14, 2026 @ 19:10:40.010",MP20,CVE-2026-17671 affects Google Chrome,13,23506,10.1.14.120,,,,,,,,,
"Sep 14, 2026 @ 19:10:39.928",MP20,CVE-2026-0907 affects Google Chrome,13,23506,10.1.14.120,,,,,,,,,
"Sep 14, 2026 @ 19:10:39.743",MP20,CVE-2026-11061 affects Google Chrome,13,23506,10.1.14.120,,,,,,,,,
"Sep 14, 2026 @ 19:10:39.723",MP20,CVE-2026-78939 affects Google Chrome,13,23506,10.1.14.120,,,,,,,,,
"Sep 14, 2026 @ 19:10:39.651",MP20,CVE-2026-11056 affects Google Chrome,13,23506,10.1.14.120,,,,,,,,,
"Sep 14, 2026 @ 19:10:39.599",MP20,CVE-2026-11047 affects Google Chrome,13,23506,10.1.14.120,,,,,,,,,
"Sep 14, 2026 @ 19:10:39.589",MP20,CVE-2026-5290 affects Google Chrome,13,23506,10.1.14.120,,,,,,,,,
"Sep 14, 2026 @ 19:10:39.240",MP20,CVE-2026-79232 affects Google Chrome,13,23506,10.1.14.120,,,,,,,,,
"Sep 14, 2026 @ 19:10:39.199",MP20,CVE-2026-10966 affects Google Chrome,13,23506,10.1.14.120,,,,,,,,,
"Sep 14, 2026 @ 19:10:38.778",MP20,CVE-2026-14411 affects Google Chrome,13,23506,10.1.14.120,,,,,,,,,
"Sep 14, 2026 @ 19:10:38.716",MP20,CVE-2026-12440 affects Google Chrome,13,23506,10.1.14.120,,,,,,,,,
"Sep 14, 2026 @ 19:10:38.696",MP20,CVE-2026-0905 affects Google Chrome,13,23506,10.1.14.120,,,,,,,,,
"Sep 14, 2026 @ 19:10:38.614",MP20,CVE-2026-9874 affects Google Chrome,13,23506,10.1.14.120,,,,,,,,,
"Sep 14, 2026 @ 19:10:38.594",MP20,CVE-2023-1529 affects Google Chrome,13,23506,10.1.14.120,,,,,,,,,
"Sep 14, 2026 @ 19:10:38.440",MP20,CVE-2026-17837 affects Google Chrome,13,23506,10.1.14.120,,,,,,,,,
"Sep 14, 2026 @ 19:10:38.038",MP20,CVE-2026-5902 affects Google Chrome,13,23506,10.1.14.120,,,,,,,,,
"Sep 14, 2026 @ 19:10:37.987",MP20,CVE-2026-14387 affects Google Chrome,13,23506,10.1.14.120,,,,,,,,,
"Sep 14, 2026 @ 19:10:37.751",MP20,CVE-2026-15773 affects Google Chrome,13,23506,10.1.14.120,,,,,,,,,
"Sep 14, 2026 @ 19:10:37.588",MP20,CVE-2026-11207 affects Google Chrome,13,23506,10.1.14.120,,,,,,,,,
"Sep 14, 2026 @ 19:10:37.567",MP20,CVE-2026-11697 affects Google Chrome,13,23506,10.1.14.120,,,,,,,,,
"Sep 14, 2026 @ 19:10:37.536",MP20,CVE-2026-11213 affects Google Chrome,13,23506,10.1.14.120,,,,,,,,,
"Sep 14, 2026 @ 19:10:37.485",MP20,CVE-2026-84324 affects Google Chrome,13,23506,10.1.14.120,,,,,,,,,
"Sep 14, 2026 @ 19:10:37.413",MP20,CVE-2026-13883 affects Google Chrome,13,23506,10.1.14.120,,,,,,,,,
"Sep 14, 2026 @ 19:10:37.228",MP20,CVE-2026-11250 affects Google Chrome,13,23506,10.1.14.120,,,,,,,,,
"Sep 14, 2026 @ 19:10:36.870",MP20,CVE-2026-11293 affects Google Chrome,13,23506,10.1.14.120,,,,,,,,,
"Sep 14, 2026 @ 19:10:36.736",MP20,CVE-2026-14056 affects Google Chrome,13,23506,10.1.14.120,,,,,,,,,
"Sep 14, 2026 @ 19:10:36.489",MP20,CVE-2026-17987 affects Google Chrome,13,23506,10.1.14.120,,,,,,,,,
"Sep 14, 2026 @ 19:10:36.407",MP20,CVE-2026-11638 affects Google Chrome,13,23506,10.1.14.120,,,,,,,,,
"Sep 14, 2026 @ 19:10:36.387",MP20,CVE-2026-14405 affects Google Chrome,13,23506,10.1.14.120,,,,,,,,,
"Sep 14, 2026 @ 19:10:36.356",MP20,CVE-2026-11146 affects Google Chrome,13,23506,10.1.14.120,,,,,,,,,
"Sep 14, 2026 @ 19:10:36.263",MP20,CVE-2026-11651 affects Google Chrome,13,23506,10.1.14.120,,,,,,,,,
"Sep 14, 2026 @ 19:10:36.130",MP20,CVE-2026-11671 affects Google Chrome,13,23506,10.1.14.120,,,,,,,,,
"Sep 14, 2026 @ 19:10:36.068",MP20,CVE-2026-13789 affects Google Chrome,13,23506,10.1.14.120,,,,,,,,,
"Sep 14, 2026 @ 19:10:35.955",MP20,CVE-2026-78948 affects Google Chrome,13,23506,10.1.14.120,,,,,,,,,
"Sep 14, 2026 @ 19:10:35.935",MP20,CVE-2026-78909 affects Google Chrome,13,23506,10.1.14.120,,,,,,,,,
"Sep 14, 2026 @ 19:10:35.822",MP20,CVE-2026-12027 affects Google Chrome,13,23506,10.1.14.120,,,,,,,,,
"Sep 14, 2026 @ 19:10:35.678",MP20,CVE-2026-17738 affects Google Chrome,13,23506,10.1.14.120,,,,,,,,,
"Sep 14, 2026 @ 19:10:35.658",MP20,CVE-2026-10881 affects Google Chrome,13,23506,10.1.14.120,,,,,,,,,
"Sep 14, 2026 @ 19:10:35.301",MP20,CVE-2026-13775 affects Google Chrome,13,23506,10.1.14.120,,,,,,,,,
"Sep 14, 2026 @ 19:10:35.280",MP20,CVE-2026-13780 affects Google Chrome,13,23506,10.1.14.120,,,,,,,,,
"Sep 14, 2026 @ 19:10:35.270",MP20,CVE-2026-13781 affects Google Chrome,13,23506,10.1.14.120,,,,,,,,,
"Sep 14, 2026 @ 19:10:35.249",MP20,CVE-2026-13782 affects Google Chrome,13,23506,10.1.14.120,,,,,,,,,
"Sep 14, 2026 @ 19:10:35.218",MP20,CVE-2026-11198 affects Google Chrome,13,23506,10.1.14.120,,,,,,,,,
"Sep 14, 2026 @ 19:10:35.157",MP20,CVE-2026-13796 affects Google Chrome,13,23506,10.1.14.120,,,,,,,,,
"Sep 14, 2026 @ 19:10:35.126",MP20,CVE-2026-13797 affects Google Chrome,13,23506,10.1.14.120,,,,,,,,,
"Sep 14, 2026 @ 19:10:35.064",MP20,CVE-2026-14425 affects Google Chrome,13,23506,10.1.14.120,,,,,,,,,
"Sep 14, 2026 @ 19:10:34.890",MP20,CVE-2026-13853 affects Google Chrome,13,23506,10.1.14.120,,,,,,,,,
"Sep 14, 2026 @ 19:10:34.777",MP20,CVE-2026-13859 affects Google Chrome,13,23506,10.1.14.120,,,,,,,,,
"Sep 14, 2026 @ 19:10:34.726",MP20,CVE-2026-13869 affects Google Chrome,13,23506,10.1.14.120,,,,,,,,,
"Sep 14, 2026 @ 19:10:34.706",MP20,CVE-2026-13861 affects Google Chrome,13,23506,10.1.14.120,,,,,,,,,
"Sep 14, 2026 @ 19:10:34.521",MP20,CVE-2026-13920 affects Google Chrome,13,23506,10.1.14.120,,,,,,,,,
"Sep 14, 2026 @ 19:10:34.428",MP20,CVE-2026-13934 affects Google Chrome,13,23506,10.1.14.120,,,,,,,,,
"Sep 14, 2026 @ 19:10:33.811",MP20,CVE-2026-14043 affects Google Chrome,13,23506,10.1.14.120,,,,,,,,,
"Sep 14, 2026 @ 19:10:33.739",MP20,CVE-2026-14055 affects Google Chrome,13,23506,10.1.14.120,,,,,,,,,
"Sep 14, 2026 @ 19:10:33.708",MP20,CVE-2026-14017 affects Google Chrome,13,23506,10.1.14.120,,,,,,,,,
"Sep 14, 2026 @ 19:10:33.574",MP20,CVE-2026-10886 affects Google Chrome,13,23506,10.1.14.120,,,,,,,,,
"Sep 14, 2026 @ 19:10:33.523",MP20,CVE-2026-14093 affects Google Chrome,13,23506,10.1.14.120,,,,,,,,,
"Sep 14, 2026 @ 19:10:33.460",MP20,CVE-2026-14105 affects Google Chrome,13,23506,10.1.14.120,,,,,,,,,
"Sep 14, 2026 @ 19:10:33.450",MP20,CVE-2026-9918 affects Google Chrome,13,23506,10.1.14.120,,,,,,,,,
"Sep 14, 2026 @ 19:10:33.409",MP20,CVE-2026-79078 affects Google Chrome,13,23506,10.1.14.120,,,,,,,,,
"Sep 14, 2026 @ 19:10:33.378",MP20,CVE-2026-14109 affects Google Chrome,13,23506,10.1.14.120,,,,,,,,,
"Sep 14, 2026 @ 19:10:33.038",MP20,CVE-2026-14390 affects Google Chrome,13,23506,10.1.14.120,,,,,,,,,
"Sep 14, 2026 @ 19:10:32.811",MP20,CVE-2026-14417 affects Google Chrome,13,23506,10.1.14.120,,,,,,,,,
"Sep 14, 2026 @ 19:10:32.770",MP20,CVE-2026-14419 affects Google Chrome,13,23506,10.1.14.120,,,,,,,,,
"Sep 14, 2026 @ 19:10:32.739",MP20,CVE-2026-14423 affects Google Chrome,13,23506,10.1.14.120,,,,,,,,,
"Sep 14, 2026 @ 19:10:32.431",MP20,CVE-2026-11052 affects Google Chrome,13,23506,10.1.14.120,,,,,,,,,
"Sep 14, 2026 @ 19:10:32.205",MP20,CVE-2026-19171 affects Google Chrome,13,23506,10.1.14.120,,,,,,,,,
"Sep 14, 2026 @ 19:10:32.175",MP20,CVE-2026-15901 affects Google Chrome,13,23506,10.1.14.120,,,,,,,,,
"Sep 14, 2026 @ 19:10:32.143",MP20,CVE-2026-16416 affects Google Chrome,13,23506,10.1.14.120,,,,,,,,,
"Sep 14, 2026 @ 19:10:31.917",MP20,CVE-2026-17670 affects Google Chrome,13,23506,10.1.14.120,,,,,,,,,
"Sep 14, 2026 @ 19:10:31.907",MP20,CVE-2026-17672 affects Google Chrome,13,23506,10.1.14.120,,,,,,,,,
"Sep 14, 2026 @ 19:10:31.886",MP20,CVE-2026-17688 affects Google Chrome,13,23506,10.1.14.120,,,,,,,,,
"Sep 14, 2026 @ 19:10:31.876",MP20,CVE-2026-17692 affects Google Chrome,13,23506,10.1.14.120,,,,,,,,,
"Sep 14, 2026 @ 19:10:31.795",MP20,CVE-2026-17697 affects Google Chrome,13,23506,10.1.14.120,,,,,,,,,
"Sep 14, 2026 @ 19:10:31.774",MP20,CVE-2026-17704 affects Google Chrome,13,23506,10.1.14.120,,,,,,,,,
"Sep 14, 2026 @ 19:10:31.733",MP20,CVE-2026-17708 affects Google Chrome,13,23506,10.1.14.120,,,,,,,,,
"Sep 14, 2026 @ 19:10:31.722",MP20,CVE-2026-17718 affects Google Chrome,13,23506,10.1.14.120,,,,,,,,,
"Sep 14, 2026 @ 19:10:31.630",MP20,CVE-2026-17749 affects Google Chrome,13,23506,10.1.14.120,,,,,,,,,
"Sep 14, 2026 @ 19:10:31.558",MP20,CVE-2026-14044 affects Google Chrome,13,23506,10.1.14.120,,,,,,,,,
"Sep 14, 2026 @ 19:10:31.312",MP20,CVE-2026-17801 affects Google Chrome,13,23506,10.1.14.120,,,,,,,,,
"Sep 14, 2026 @ 19:10:31.292",MP20,CVE-2026-17803 affects Google Chrome,13,23506,10.1.14.120,,,,,,,,,
"Sep 14, 2026 @ 19:10:31.281",MP20,CVE-2026-17804 affects Google Chrome,13,23506,10.1.14.120,,,,,,,,,
"Sep 14, 2026 @ 19:10:31.117",MP20,CVE-2026-17847 affects Google Chrome,13,23506,10.1.14.120,,,,,,,,,
"Sep 14, 2026 @ 19:10:30.953",MP20,CVE-2024-4058 affects Google Chrome,13,23506,10.1.14.120,,,,,,,,,
"Sep 14, 2026 @ 19:10:30.748",MP20,CVE-2026-17924 affects Google Chrome,13,23506,10.1.14.120,,,,,,,,,
"Sep 14, 2026 @ 19:10:30.594",MP20,CVE-2026-79188 affects Google Chrome,13,23506,10.1.14.120,,,,,,,,,
"Sep 14, 2026 @ 19:10:30.532",MP20,CVE-2026-17947 affects Google Chrome,13,23506,10.1.14.120,,,,,,,,,
"Sep 14, 2026 @ 19:10:30.407",MP20,CVE-2026-14038 affects Google Chrome,13,23506,10.1.14.120,,,,,,,,,
"Sep 14, 2026 @ 19:10:30.397",MP20,CVE-2026-17990 affects Google Chrome,13,23506,10.1.14.120,,,,,,,,,
"Sep 14, 2026 @ 19:10:30.304",MP20,CVE-2026-18002 affects Google Chrome,13,23506,10.1.14.120,,,,,,,,,
"Sep 14, 2026 @ 19:10:30.284",MP20,CVE-2023-4860 affects Google Chrome,13,23506,10.1.14.120,,,,,,,,,
"Sep 14, 2026 @ 19:10:29.994",MP20,CVE-2026-19166 affects Google Chrome,13,23506,10.1.14.120,,,,,,,,,
"Sep 14, 2026 @ 19:10:29.973",MP20,CVE-2026-19175 affects Google Chrome,13,23506,10.1.14.120,,,,,,,,,
"Sep 14, 2026 @ 19:10:29.686",MP20,CVE-2026-17947 affects Google Chrome,13,23506,10.1.14.120,,,,,,,,,
"Sep 14, 2026 @ 19:10:29.604",MP20,CVE-2026-79188 affects Google Chrome,13,23506,10.1.14.120,,,,,,,,,
"Sep 14, 2026 @ 19:10:29.522",MP20,CVE-2026-17924 affects Google Chrome,13,23506,10.1.14.120,,,,,,,,,
"Sep 14, 2026 @ 19:10:29.367",MP20,CVE-2026-78985 affects Google Chrome,13,23506,10.1.14.120,,,,,,,,,
"Sep 14, 2026 @ 19:10:29.234",MP20,CVE-2026-3916 affects Google Chrome,13,23506,10.1.14.120,,,,,,,,,
"Sep 14, 2026 @ 19:10:29.008",MP20,CVE-2026-17847 affects Google Chrome,13,23506,10.1.14.120,,,,,,,,,
"Sep 14, 2026 @ 19:10:28.803",MP20,CVE-2026-17804 affects Google Chrome,13,23506,10.1.14.120,,,,,,,,,
"Sep 14, 2026 @ 19:10:28.792",MP20,CVE-2026-17803 affects Google Chrome,13,23506,10.1.14.120,,,,,,,,,
"Sep 14, 2026 @ 19:10:28.772",MP20,CVE-2026-17801 affects Google Chrome,13,23506,10.1.14.120,,,,,,,,,
"Sep 14, 2026 @ 19:10:28.472",MP20,CVE-2026-14044 affects Google Chrome,13,23506,10.1.14.120,,,,,,,,,
"Sep 14, 2026 @ 19:10:28.452",MP20,CVE-2026-17758 affects Google Chrome,13,23506,10.1.14.120,,,,,,,,,
"Sep 14, 2026 @ 19:10:28.359",MP20,CVE-2026-17749 affects Google Chrome,13,23506,10.1.14.120,,,,,,,,,
"Sep 14, 2026 @ 19:10:28.267",MP20,CVE-2026-17718 affects Google Chrome,13,23506,10.1.14.120,,,,,,,,,
"Sep 14, 2026 @ 19:10:28.257",MP20,CVE-2026-17708 affects Google Chrome,13,23506,10.1.14.120,,,,,,,,,
"Sep 14, 2026 @ 19:10:28.154",MP20,CVE-2026-17692 affects Google Chrome,13,23506,10.1.14.120,,,,,,,,,
"Sep 14, 2026 @ 19:10:28.133",MP20,CVE-2026-17688 affects Google Chrome,13,23506,10.1.14.120,,,,,,,,,
"Sep 14, 2026 @ 19:10:28.113",MP20,CVE-2026-17687 affects Google Chrome,13,23506,10.1.14.120,,,,,,,,,
"Sep 14, 2026 @ 19:10:28.102",MP20,CVE-2026-17682 affects Google Chrome,13,23506,10.1.14.120,,,,,,,,,
"Sep 14, 2026 @ 19:10:28.071",MP20,CVE-2026-17675 affects Google Chrome,13,23506,10.1.14.120,,,,,,,,,
"Sep 14, 2026 @ 19:10:28.051",MP20,CVE-2026-17672 affects Google Chrome,13,23506,10.1.14.120,,,,,,,,,
"Sep 14, 2026 @ 19:10:28.041",MP20,CVE-2026-17670 affects Google Chrome,13,23506,10.1.14.120,,,,,,,,,
"Sep 14, 2026 @ 19:10:27.876",MP20,CVE-2026-17656 affects Google Chrome,13,23506,10.1.14.120,,,,,,,,,
"Sep 14, 2026 @ 19:10:27.866",MP20,CVE-2026-17655 affects Google Chrome,13,23506,10.1.14.120,,,,,,,,,
"Sep 14, 2026 @ 19:10:27.742",MP20,CVE-2026-79090 affects Google Chrome,13,23506,10.1.14.120,,,,,,,,,
"Sep 14, 2026 @ 19:10:27.721",MP20,CVE-2026-16416 affects Google Chrome,13,23506,10.1.14.120,,,,,,,,,
"Sep 14, 2026 @ 19:10:27.691",MP20,CVE-2026-15901 affects Google Chrome,13,23506,10.1.14.120,,,,,,,,,
"Sep 14, 2026 @ 19:10:27.670",MP20,CVE-2026-19171 affects Google Chrome,13,23506,10.1.14.120,,,,,,,,,
"Sep 14, 2026 @ 19:10:27.318",SOC01,Application Compatibility Database launched,12,92058,10.1.24.114,,C:\\Windows\\System32\\sdbinst.exe,,,,,"""Process Create:
RuleName: -
UtcTime: 2026-09-14 23:10:25.855
ProcessGuid: {dc5fae25-7ee1-6aa8-23d9-1a0000008100}
ProcessId: 18844
Image: C:\Windows\System32\sdbinst.exe
FileVersion: 10.0.26100.9278 (WinBuild.160101.0800)
Description: Application Compatibility Database Installer
Product: Microsoft® Windows® Operating System
Company: Microsoft Corporation
OriginalFileName: sdbinst.exe
CommandLine: C:\WINDOWS\System32\sdbinst.exe -m -bg
CurrentDirectory: C:\WINDOWS\system32\
User: NT AUTHORITY\SYSTEM
LogonGuid: {dc5fae25-da6d-6aa0-e703-000000000000}
LogonId: 0x3E7
TerminalSessionId: 0
IntegrityLevel: System
Hashes: MD5=238B5B4FB1010D1458D874AF21C32890,SHA256=8F67CBBDB8250CEDA1E5DB21DF87AD870576229B8FD729E80F9092EB578B6915,IMPHASH=1B6EE3C1899EA90A8A3811555E1DA64E
ParentProcessGuid: {dc5fae25-daf7-6aa0-9903-000000008100}
ParentProcessId: 2768
ParentImage: C:\Windows\System32\svchost.exe
ParentCommandLine: C:\WINDOWS\system32\svchost.exe -k LocalSystemNetworkRestricted -p -s PcaSvc
ParentUser: NT AUTHORITY\SYSTEM""",,
